<?xml version="1.0" encoding="UTF-8"?>
<testsuite xmlns:xsi="http://www.w3.org/2001/XMLSchema-instance" xsi:noNamespaceSchemaLocation="https://maven.apache.org/surefire/maven-surefire-plugin/xsd/surefire-test-report-3.0.xsd" version="3.0" name="tqs.BookTest" time="0.21" tests="4" errors="0" skipped="0" failures="0">
  <properties>
[...]
</properties>
  <testcase name="Book search - Search book by author" classname="Book search" time="0.115">
    <system-out><![CDATA[20:36:43.370 [main] DEBUG tqs.BookSteps -- Books found from author Rick Riordan: [Book{title='Percy Jackson & The Olympians: The Lightning Thief', author='Rick Riordan', published=2005-06-28}, Book{title='Percy Jackson & The Olympians: The Sea of Monsters', author='Rick Riordan', published=2006-04-01}]
20:36:43.380 [main] DEBUG tqs.BookSteps -- Found 2 books
]]></system-out>
  </testcase>
  <testcase name="Book search - Search books by publication year" classname="Book search" time="0.009">
    <system-out><![CDATA[20:36:43.393 [main] DEBUG tqs.BookSteps -- Books found from 1996-01-01 to 1999-01-01: [Book{title='Harry Potter and the Sorcerer’s Stone', author='J.K. Rowling', published=1997-06-26}, Book{title='Harry Potter and the Chamber of Secrets', author='J.K. Rowling', published=1998-07-02}]
20:36:43.394 [main] DEBUG tqs.BookSteps -- Found 2 books
]]></system-out>
  </testcase>
  <testcase name="Book search - Search books by Title" classname="Book search" time="0.011">
    <system-out><![CDATA[20:36:43.405 [main] DEBUG tqs.BookSteps -- Books found with title Harry Potter and the Sorcerer’s Stone: [Book{title='Harry Potter and the Sorcerer’s Stone', author='J.K. Rowling', published=1997-06-26}]
20:36:43.405 [main] DEBUG tqs.BookSteps -- Found 1 books
]]></system-out>
  </testcase>
  <testcase name="Book search - No book found" classname="Book search" time="0.007">
    <system-out><![CDATA[20:36:43.413 [main] DEBUG tqs.BookSteps -- Books found from author Fernando Pessoa: []
20:36:43.414 [main] DEBUG tqs.BookSteps -- Found 0 books
]]></system-out>
  </testcase>
</testsuite>