<?xml version="1.0" encoding="UTF-8"?>
<testsuite xmlns:xsi="http://www.w3.org/2001/XMLSchema-instance" xsi:noNamespaceSchemaLocation="https://maven.apache.org/surefire/maven-surefire-plugin/xsd/surefire-test-report-3.0.xsd" version="3.0" name="tqs.CalculatorTest" time="0.212" tests="7" errors="0" skipped="0" failures="0">
  <properties>
[...]
</properties>
  <testcase name="Basic Arithmetic - Addition" classname="Basic Arithmetic" time="0.111">
    <system-out><![CDATA[12:26:17.335 [main] DEBUG tqs.CalculatorSteps -- Adding 4 and 5
12:26:17.341 [main] DEBUG tqs.CalculatorSteps -- Result is 9, expected 9
]]></system-out>
  </testcase>
  <testcase name="Basic Arithmetic - Subtraction" classname="Basic Arithmetic" time="0.006">
    <system-out><![CDATA[12:26:17.350 [main] DEBUG tqs.CalculatorSteps -- Subtracting 7 from 2
12:26:17.350 [main] DEBUG tqs.CalculatorSteps -- Result is 5, expected 5
]]></system-out>
  </testcase>
  <testcase name="Basic Arithmetic - Multiplication" classname="Basic Arithmetic" time="0.005">
    <system-out><![CDATA[12:26:17.355 [main] DEBUG tqs.CalculatorSteps -- Multiplying 3 by 5
12:26:17.355 [main] DEBUG tqs.CalculatorSteps -- Result is 15, expected 15
]]></system-out>
  </testcase>
  <testcase name="Basic Arithmetic - Division" classname="Basic Arithmetic" time="0.008">
    <system-out><![CDATA[12:26:17.364 [main] DEBUG tqs.CalculatorSteps -- Dividing 15 by 3
12:26:17.364 [main] DEBUG tqs.CalculatorSteps -- Result is 5, expected 5
]]></system-out>
  </testcase>
  <testcase name="Basic Arithmetic - Invalid Operation" classname="Basic Arithmetic" time="0.008">
    <system-out><![CDATA[12:26:17.370 [main] DEBUG tqs.CalculatorSteps -- Dividing 15 by 0
12:26:17.371 [main] DEBUG tqs.CalculatorSteps -- Result is Infinity, expected infinity
]]></system-out>
  </testcase>
  <testcase name="Basic Arithmetic - Several additions - Single digits - Example #1.1" classname="Basic Arithmetic - Several additions - Single digits" time="0.005">
    <system-out><![CDATA[12:26:17.377 [main] DEBUG tqs.CalculatorSteps -- Adding 1 and 2
12:26:17.377 [main] DEBUG tqs.CalculatorSteps -- Result is 3, expected 3
]]></system-out>
  </testcase>
  <testcase name="Basic Arithmetic - Several additions - Single digits - Example #1.2" classname="Basic Arithmetic - Several additions - Single digits" time="0.005">
    <system-out><![CDATA[12:26:17.382 [main] DEBUG tqs.CalculatorSteps -- Adding 3 and 7
12:26:17.382 [main] DEBUG tqs.CalculatorSteps -- Result is 10, expected 10
]]></system-out>
  </testcase>
</testsuite>