<?xml version="1.0" encoding="UTF-8"?>
<testsuite xmlns:xsi="http://www.w3.org/2001/XMLSchema-instance" xsi:noNamespaceSchemaLocation="https://maven.apache.org/surefire/maven-surefire-plugin/xsd/surefire-test-report.xsd" version="3.0.2" name="tqs.DockerBookTest" time="6.282" tests="1" errors="0" skipped="0" failures="0">
  <properties>
[...]
</properties>
  <testcase name="bookTest(WebDriver)" classname="tqs.DockerBookTest" time="6.278">
    <system-out><![CDATA[13:20:35.205 [main] DEBUG io.github.bonigarcia.wdm.WebDriverManager -- Using WebDriverManager 5.9.1
13:20:35.554 [main] DEBUG io.github.bonigarcia.wdm.cache.ResolutionCache -- Resolution chrome-container-latest=128.0 in cache (valid until 14:08:37 13/03/2025 WET)
13:20:35.559 [main] INFO io.github.bonigarcia.wdm.docker.DockerService -- Starting Docker container selenoid/vnc:chrome_128.0
13:20:35.573 [main] DEBUG com.github.dockerjava.core.command.AbstrDockerCmd -- Cmd: com.github.dockerjava.core.command.CreateContainerCmdImpl@720bf653[aliases=<null>,argsEscaped=<null>,attachStderr=<null>,attachStdin=<null>,attachStdout=<null>,authConfig=<null>,cmd=<null>,domainName=<null>,entrypoint=<null>,env={TZ=Etc/UTC,LANGUAGE=EN,SCREEN_RESOLUTION=1280x1080x24,ENABLE_VNC=true,DRIVER_ARGS=--whitelisted-ips= --allowed-origins=*},exposedPorts=ExposedPorts(exposedPorts=[4444/tcp, 5900/tcp]),healthcheck=<null>,hostConfig=HostConfig(binds=[], blkioWeight=null, blkioWeightDevice=null, blkioDeviceReadBps=null, blkioDeviceWriteBps=null, blkioDeviceReadIOps=null, blkioDeviceWriteIOps=null, memorySwappiness=null, nanoCPUs=null, capAdd=[SYS_ADMIN], capDrop=null, containerIDFile=null, cpuPeriod=null, cpuRealtimePeriod=null, cpuRealtimeRuntime=null, cpuShares=null, cpuQuota=null, cpusetCpus=null, cpusetMems=null, devices=null, deviceCgroupRules=null, deviceRequests=null, diskQuota=null, dns=null, dnsOptions=null, dnsSearch=null, extraHosts=[], groupAdd=null, ipcMode=null, cgroup=null, links=[], logConfig=LogConfig(type=null, config=null), lxcConf=null, memory=null, memorySwap=null, memoryReservation=null, kernelMemory=null, networkMode=bridge, oomKillDisable=null, init=null, autoRemove=null, oomScoreAdj=null, portBindings={5900/tcp=[Lcom.github.dockerjava.api.model.Ports$Binding;@4af70944, 4444/tcp=[Lcom.github.dockerjava.api.model.Ports$Binding;@35267fd4}, privileged=null, publishAllPorts=true, readonlyRootfs=null, restartPolicy=null, ulimits=null, cpuCount=null, cpuPercent=null, ioMaximumIOps=null, ioMaximumBandwidth=null, volumesFrom=null, mounts=[Mount(type=TMPFS, source=null, target=/tmp, readOnly=null, bindOptions=null, volumeOptions=null, tmpfsOptions=TmpfsOptions(sizeBytes=134217728, mode=null))], pidMode=null, isolation=null, securityOpts=null, storageOpt=null, cgroupParent=null, volumeDriver=null, shmSize=268435456, pidsLimit=null, runtime=null, tmpFs=null, utSMode=null, usernsMode=null, sysctls=null, consoleSize=null, cgroupnsMode=null),hostName=<null>,image=selenoid/vnc:chrome_128.0,ipv4Address=<null>,ipv6Address=<null>,labels=<null>,macAddress=<null>,name=<null>,networkDisabled=<null>,networkingConfig=<null>,onBuild=<null>,platform=<null>,portSpecs=<null>,shell=<null>,stdInOnce=<null>,stdinOpen=<null>,stopSignal=<null>,stopTimeout=<null>,tty=<null>,user=<null>,volumes=Volumes(volumes=[]),workingDir=<null>]
13:20:35.648 [main] DEBUG org.apache.hc.client5.http.impl.classic.InternalHttpClient -- ex-0000000001 preparing request execution
13:20:35.654 [main] DEBUG org.apache.hc.client5.http.impl.classic.ProtocolExec -- ex-0000000001 target auth state: UNCHALLENGED
13:20:35.655 [main] DEBUG org.apache.hc.client5.http.impl.classic.ProtocolExec -- ex-0000000001 proxy auth state: UNCHALLENGED
13:20:35.655 [main] DEBUG org.apache.hc.client5.http.impl.classic.ConnectExec -- ex-0000000001 acquiring connection with route {}->unix://localhost:2375
13:20:35.656 [main] DEBUG org.apache.hc.client5.http.impl.classic.InternalHttpClient -- ex-0000000001 acquiring endpoint (3 MINUTES)
13:20:35.657 [main] DEBUG org.apache.hc.client5.http.impl.io.PoolingHttpClientConnectionManager -- ex-0000000001 endpoint lease request (3 MINUTES) [route: {}->unix://localhost:2375][total available: 0; route allocated: 0 of 2147483647; total allocated: 0 of 2147483647]
13:20:35.659 [main] DEBUG org.apache.hc.client5.http.impl.io.PoolingHttpClientConnectionManager -- ex-0000000001 endpoint leased [route: {}->unix://localhost:2375][total available: 0; route allocated: 1 of 2147483647; total allocated: 1 of 2147483647]
13:20:35.669 [main] DEBUG org.apache.hc.client5.http.impl.io.PoolingHttpClientConnectionManager -- ex-0000000001 acquired ep-0000000001
13:20:35.669 [main] DEBUG org.apache.hc.client5.http.impl.classic.InternalHttpClient -- ex-0000000001 acquired endpoint ep-0000000001
13:20:35.669 [main] DEBUG org.apache.hc.client5.http.impl.classic.ConnectExec -- ex-0000000001 opening connection {}->unix://localhost:2375
13:20:35.670 [main] DEBUG org.apache.hc.client5.http.impl.classic.InternalHttpClient -- ep-0000000001 connecting endpoint (null)
13:20:35.671 [main] DEBUG org.apache.hc.client5.http.impl.io.PoolingHttpClientConnectionManager -- ep-0000000001 connecting endpoint to unix://localhost:2375 (3 MINUTES)
13:20:35.671 [main] DEBUG org.apache.hc.client5.http.impl.io.DefaultHttpClientConnectionOperator -- localhost resolving remote address
13:20:35.671 [main] DEBUG org.apache.hc.client5.http.impl.io.DefaultHttpClientConnectionOperator -- localhost resolved to [localhost/127.0.0.1]
13:20:35.676 [main] DEBUG org.apache.hc.client5.http.impl.io.DefaultHttpClientConnectionOperator -- localhost:2375 connecting null->localhost/127.0.0.1:2375 (3 MINUTES)
13:20:35.676 [main] DEBUG org.apache.hc.client5.http.impl.io.DefaultManagedHttpClientConnection -- http-outgoing-0 set socket timeout to 0 MILLISECONDS
13:20:35.677 [main] DEBUG org.apache.hc.client5.http.impl.io.DefaultHttpClientConnectionOperator -- localhost:2375 connected null->localhost/127.0.0.1:2375 as http-outgoing-0
13:20:35.677 [main] DEBUG org.apache.hc.client5.http.impl.io.PoolingHttpClientConnectionManager -- ep-0000000001 connected http-outgoing-0
13:20:35.677 [main] DEBUG org.apache.hc.client5.http.impl.classic.InternalHttpClient -- ep-0000000001 endpoint connected
13:20:35.677 [main] DEBUG org.apache.hc.client5.http.impl.classic.MainClientExec -- ex-0000000001 executing POST /containers/create HTTP/1.1
13:20:35.677 [main] DEBUG org.apache.hc.client5.http.protocol.RequestAddCookies -- ex-0000000001 Cookie spec selected: strict
13:20:35.680 [main] DEBUG org.apache.hc.client5.http.impl.classic.InternalHttpClient -- ep-0000000001 start execution ex-0000000001
13:20:35.680 [main] DEBUG org.apache.hc.client5.http.impl.io.PoolingHttpClientConnectionManager -- ep-0000000001 executing exchange ex-0000000001 over http-outgoing-0
13:20:35.681 [main] DEBUG org.apache.hc.client5.http.headers -- http-outgoing-0 >> POST /containers/create HTTP/1.1
13:20:35.681 [main] DEBUG org.apache.hc.client5.http.headers -- http-outgoing-0 >> accept: application/json
13:20:35.681 [main] DEBUG org.apache.hc.client5.http.headers -- http-outgoing-0 >> content-type: application/json
13:20:35.681 [main] DEBUG org.apache.hc.client5.http.headers -- http-outgoing-0 >> Accept-Encoding: gzip, x-gzip, deflate, br
13:20:35.681 [main] DEBUG org.apache.hc.client5.http.headers -- http-outgoing-0 >> Content-Length: 2172
13:20:35.681 [main] DEBUG org.apache.hc.client5.http.headers -- http-outgoing-0 >> Host: localhost:2375
13:20:35.681 [main] DEBUG org.apache.hc.client5.http.headers -- http-outgoing-0 >> Connection: keep-alive
13:20:35.681 [main] DEBUG org.apache.hc.client5.http.headers -- http-outgoing-0 >> User-Agent: Apache-HttpClient/5.2.1 (Java/21.0.6)
13:20:35.682 [main] DEBUG org.apache.hc.client5.http.wire -- http-outgoing-0 >> "POST /containers/create HTTP/1.1[\r][\n]"
13:20:35.682 [main] DEBUG org.apache.hc.client5.http.wire -- http-outgoing-0 >> "accept: application/json[\r][\n]"
13:20:35.682 [main] DEBUG org.apache.hc.client5.http.wire -- http-outgoing-0 >> "content-type: application/json[\r][\n]"
13:20:35.682 [main] DEBUG org.apache.hc.client5.http.wire -- http-outgoing-0 >> "Accept-Encoding: gzip, x-gzip, deflate, br[\r][\n]"
13:20:35.682 [main] DEBUG org.apache.hc.client5.http.wire -- http-outgoing-0 >> "Content-Length: 2172[\r][\n]"
13:20:35.682 [main] DEBUG org.apache.hc.client5.http.wire -- http-outgoing-0 >> "Host: localhost:2375[\r][\n]"
13:20:35.682 [main] DEBUG org.apache.hc.client5.http.wire -- http-outgoing-0 >> "Connection: keep-alive[\r][\n]"
13:20:35.682 [main] DEBUG org.apache.hc.client5.http.wire -- http-outgoing-0 >> "User-Agent: Apache-HttpClient/5.2.1 (Java/21.0.6)[\r][\n]"
13:20:35.682 [main] DEBUG org.apache.hc.client5.http.wire -- http-outgoing-0 >> "[\r][\n]"
13:20:35.682 [main] DEBUG org.apache.hc.client5.http.wire -- http-outgoing-0 >> "{"Hostname":null,"Domainname":null,"User":null,"AttachStdin":null,"AttachStdout":null,"AttachStderr":null,"PortSpecs":null,"Tty":null,"OpenStdin":null,"StdinOnce":null,"Env":["TZ=Etc/UTC","LANGUAGE=EN","SCREEN_RESOLUTION=1280x1080x24","ENABLE_VNC=true","DRIVER_ARGS=--whitelisted-ips= --allowed-origins=*"],"Cmd":null,"Healthcheck":null,"ArgsEscaped":null,"Entrypoint":null,"Image":"selenoid/vnc:chrome_128.0","Volumes":{},"WorkingDir":null,"MacAddress":null,"OnBuild":null,"NetworkDisabled":null,"ExposedPorts":{"5900/tcp":{},"4444/tcp":{}},"StopSignal":null,"StopTimeout":null,"HostConfig":{"Binds":[],"BlkioWeight":null,"BlkioWeightDevice":null,"BlkioDeviceReadBps":null,"BlkioDeviceWriteBps":null,"BlkioDeviceReadIOps":null,"BlkioDeviceWriteIOps":null,"MemorySwappiness":null,"NanoCpus":null,"CapAdd":["SYS_ADMIN"],"CapDrop":null,"ContainerIDFile":null,"CpuPeriod":null,"CpuRealtimePeriod":null,"CpuRealtimeRuntime":null,"CpuShares":null,"CpuQuota":null,"CpusetCpus":null,"CpusetMems":null,"Devices":null,"DeviceCgroupRules":null,"DeviceRequests":null,"DiskQuota":null,"Dns":null,"DnsOptions":null,"DnsSearch":null,"ExtraHosts":[],"GroupAdd":null,"IpcMode":null,"Cgroup":null,"Links":null,"LogConfig":null,"LxcConf":null,"Memory":null,"MemorySwap":null,"MemoryReservation":null,"KernelMemory":null,"NetworkMode":"bridge","OomKillDisable":null,"Init":null,"AutoRemove":null,"OomScoreAdj":null,"PortBindings":{"5900/tcp":[{"HostIp":"","HostPort":""}],"4444/tcp":[{"HostIp":"","HostPort":""}]},"Privileged":null,"PublishAllPorts":true,"ReadonlyRootfs":null,"RestartPolicy":null,"Ulimits":null,"CpuCount":null,"CpuPercent":null,"IOMaximumIOps":null,"IOMaximumBandwidth":null,"VolumesFrom":null,"Mounts":[{"Type":"tmpfs","Source":null,"Target":"/tmp","ReadOnly":null,"BindOptions":null,"VolumeOptions":null,"TmpfsOptions":{"SizeBytes":134217728,"Mode":null}}],"PidMode":null,"Isolation":null,"SecurityOpt":null,"StorageOpt":null,"CgroupParent":null,"VolumeDriver":null,"ShmSize":268435456,"PidsLimit":null,"Runtime":null,"Tmpfs":null,"UTSMode":null,"UsernsMode":null,"Sysctls":null,"ConsoleSize":null,"CgroupnsMode":null},"Labels":null,"Shell":null,"NetworkingConfig":null}"
13:20:35.706 [main] DEBUG org.apache.hc.client5.http.wire -- http-outgoing-0 << "HTTP/1.1 201 Created[\r][\n]"
13:20:35.706 [main] DEBUG org.apache.hc.client5.http.wire -- http-outgoing-0 << "Api-Version: 1.47[\r][\n]"
13:20:35.706 [main] DEBUG org.apache.hc.client5.http.wire -- http-outgoing-0 << "Content-Type: application/json[\r][\n]"
13:20:35.706 [main] DEBUG org.apache.hc.client5.http.wire -- http-outgoing-0 << "Docker-Experimental: false[\r][\n]"
13:20:35.706 [main] DEBUG org.apache.hc.client5.http.wire -- http-outgoing-0 << "Ostype: linux[\r][\n]"
13:20:35.706 [main] DEBUG org.apache.hc.client5.http.wire -- http-outgoing-0 << "Server: Docker/27.3.1 (linux)[\r][\n]"
13:20:35.706 [main] DEBUG org.apache.hc.client5.http.wire -- http-outgoing-0 << "Date: Thu, 13 Mar 2025 13:20:35 GMT[\r][\n]"
13:20:35.706 [main] DEBUG org.apache.hc.client5.http.wire -- http-outgoing-0 << "Content-Length: 88[\r][\n]"
13:20:35.706 [main] DEBUG org.apache.hc.client5.http.wire -- http-outgoing-0 << "[\r][\n]"
13:20:35.707 [main] DEBUG org.apache.hc.client5.http.wire -- http-outgoing-0 << "{"Id":"c869f8b053e1796df3b51c3e9fdab51f7d7791f5b103a9303c66de628b4e7d71","Warnings":[]}[\n]"
13:20:35.708 [main] DEBUG org.apache.hc.client5.http.headers -- http-outgoing-0 << HTTP/1.1 201 Created
13:20:35.708 [main] DEBUG org.apache.hc.client5.http.headers -- http-outgoing-0 << Api-Version: 1.47
13:20:35.708 [main] DEBUG org.apache.hc.client5.http.headers -- http-outgoing-0 << Content-Type: application/json
13:20:35.708 [main] DEBUG org.apache.hc.client5.http.headers -- http-outgoing-0 << Docker-Experimental: false
13:20:35.708 [main] DEBUG org.apache.hc.client5.http.headers -- http-outgoing-0 << Ostype: linux
13:20:35.708 [main] DEBUG org.apache.hc.client5.http.headers -- http-outgoing-0 << Server: Docker/27.3.1 (linux)
13:20:35.708 [main] DEBUG org.apache.hc.client5.http.headers -- http-outgoing-0 << Date: Thu, 13 Mar 2025 13:20:35 GMT
13:20:35.708 [main] DEBUG org.apache.hc.client5.http.headers -- http-outgoing-0 << Content-Length: 88
13:20:35.710 [main] DEBUG org.apache.hc.client5.http.impl.classic.MainClientExec -- ex-0000000001 connection can be kept alive for 3 MINUTES
13:20:35.719 [main] DEBUG org.apache.hc.client5.http.impl.classic.InternalHttpClient -- ep-0000000001 releasing valid endpoint
13:20:35.720 [main] DEBUG org.apache.hc.client5.http.impl.io.PoolingHttpClientConnectionManager -- ep-0000000001 releasing endpoint
13:20:35.720 [main] DEBUG org.apache.hc.client5.http.impl.io.PoolingHttpClientConnectionManager -- ep-0000000001 connection http-outgoing-0 can be kept alive for 3 MINUTES
13:20:35.720 [main] DEBUG org.apache.hc.client5.http.impl.io.PoolingHttpClientConnectionManager -- ep-0000000001 connection released [route: {}->unix://localhost:2375][total available: 1; route allocated: 1 of 2147483647; total allocated: 1 of 2147483647]
13:20:35.721 [main] DEBUG com.github.dockerjava.core.command.AbstrDockerCmd -- Cmd: c869f8b053e1796df3b51c3e9fdab51f7d7791f5b103a9303c66de628b4e7d71
13:20:35.723 [main] DEBUG org.apache.hc.client5.http.impl.classic.InternalHttpClient -- ex-0000000002 preparing request execution
13:20:35.724 [main] DEBUG org.apache.hc.client5.http.impl.classic.ProtocolExec -- ex-0000000002 target auth state: UNCHALLENGED
13:20:35.724 [main] DEBUG org.apache.hc.client5.http.impl.classic.ProtocolExec -- ex-0000000002 proxy auth state: UNCHALLENGED
13:20:35.724 [main] DEBUG org.apache.hc.client5.http.impl.classic.ConnectExec -- ex-0000000002 acquiring connection with route {}->unix://localhost:2375
13:20:35.724 [main] DEBUG org.apache.hc.client5.http.impl.classic.InternalHttpClient -- ex-0000000002 acquiring endpoint (3 MINUTES)
13:20:35.724 [main] DEBUG org.apache.hc.client5.http.impl.io.PoolingHttpClientConnectionManager -- ex-0000000002 endpoint lease request (3 MINUTES) [route: {}->unix://localhost:2375][total available: 1; route allocated: 1 of 2147483647; total allocated: 1 of 2147483647]
13:20:35.724 [main] DEBUG org.apache.hc.client5.http.impl.io.PoolingHttpClientConnectionManager -- ex-0000000002 endpoint leased [route: {}->unix://localhost:2375][total available: 0; route allocated: 1 of 2147483647; total allocated: 1 of 2147483647]
13:20:35.725 [main] DEBUG org.apache.hc.client5.http.impl.io.PoolingHttpClientConnectionManager -- ex-0000000002 acquired ep-0000000002
13:20:35.725 [main] DEBUG org.apache.hc.client5.http.impl.classic.InternalHttpClient -- ex-0000000002 acquired endpoint ep-0000000002
13:20:35.725 [main] DEBUG org.apache.hc.client5.http.impl.classic.MainClientExec -- ex-0000000002 executing POST /containers/c869f8b053e1796df3b51c3e9fdab51f7d7791f5b103a9303c66de628b4e7d71/start HTTP/1.1
13:20:35.725 [main] DEBUG org.apache.hc.client5.http.protocol.RequestAddCookies -- ex-0000000002 Cookie spec selected: strict
13:20:35.725 [main] DEBUG org.apache.hc.client5.http.impl.classic.InternalHttpClient -- ep-0000000002 start execution ex-0000000002
13:20:35.725 [main] DEBUG org.apache.hc.client5.http.impl.io.PoolingHttpClientConnectionManager -- ep-0000000002 executing exchange ex-0000000002 over http-outgoing-0
13:20:35.725 [main] DEBUG org.apache.hc.client5.http.headers -- http-outgoing-0 >> POST /containers/c869f8b053e1796df3b51c3e9fdab51f7d7791f5b103a9303c66de628b4e7d71/start HTTP/1.1
13:20:35.725 [main] DEBUG org.apache.hc.client5.http.headers -- http-outgoing-0 >> accept: application/json
13:20:35.725 [main] DEBUG org.apache.hc.client5.http.headers -- http-outgoing-0 >> content-type: application/json
13:20:35.725 [main] DEBUG org.apache.hc.client5.http.headers -- http-outgoing-0 >> Accept-Encoding: gzip, x-gzip, deflate, br
13:20:35.725 [main] DEBUG org.apache.hc.client5.http.headers -- http-outgoing-0 >> Host: localhost:2375
13:20:35.726 [main] DEBUG org.apache.hc.client5.http.headers -- http-outgoing-0 >> Connection: keep-alive
13:20:35.726 [main] DEBUG org.apache.hc.client5.http.headers -- http-outgoing-0 >> User-Agent: Apache-HttpClient/5.2.1 (Java/21.0.6)
13:20:35.726 [main] DEBUG org.apache.hc.client5.http.wire -- http-outgoing-0 >> "POST /containers/c869f8b053e1796df3b51c3e9fdab51f7d7791f5b103a9303c66de628b4e7d71/start HTTP/1.1[\r][\n]"
13:20:35.726 [main] DEBUG org.apache.hc.client5.http.wire -- http-outgoing-0 >> "accept: application/json[\r][\n]"
13:20:35.726 [main] DEBUG org.apache.hc.client5.http.wire -- http-outgoing-0 >> "content-type: application/json[\r][\n]"
13:20:35.726 [main] DEBUG org.apache.hc.client5.http.wire -- http-outgoing-0 >> "Accept-Encoding: gzip, x-gzip, deflate, br[\r][\n]"
13:20:35.726 [main] DEBUG org.apache.hc.client5.http.wire -- http-outgoing-0 >> "Host: localhost:2375[\r][\n]"
13:20:35.726 [main] DEBUG org.apache.hc.client5.http.wire -- http-outgoing-0 >> "Connection: keep-alive[\r][\n]"
13:20:35.726 [main] DEBUG org.apache.hc.client5.http.wire -- http-outgoing-0 >> "User-Agent: Apache-HttpClient/5.2.1 (Java/21.0.6)[\r][\n]"
13:20:35.726 [main] DEBUG org.apache.hc.client5.http.wire -- http-outgoing-0 >> "[\r][\n]"
13:20:35.982 [main] DEBUG org.apache.hc.client5.http.wire -- http-outgoing-0 << "HTTP/1.1 204 No Content[\r][\n]"
13:20:35.982 [main] DEBUG org.apache.hc.client5.http.wire -- http-outgoing-0 << "Api-Version: 1.47[\r][\n]"
13:20:35.982 [main] DEBUG org.apache.hc.client5.http.wire -- http-outgoing-0 << "Docker-Experimental: false[\r][\n]"
13:20:35.982 [main] DEBUG org.apache.hc.client5.http.wire -- http-outgoing-0 << "Ostype: linux[\r][\n]"
13:20:35.982 [main] DEBUG org.apache.hc.client5.http.wire -- http-outgoing-0 << "Server: Docker/27.3.1 (linux)[\r][\n]"
13:20:35.982 [main] DEBUG org.apache.hc.client5.http.wire -- http-outgoing-0 << "Date: Thu, 13 Mar 2025 13:20:35 GMT[\r][\n]"
13:20:35.982 [main] DEBUG org.apache.hc.client5.http.wire -- http-outgoing-0 << "[\r][\n]"
13:20:35.983 [main] DEBUG org.apache.hc.client5.http.headers -- http-outgoing-0 << HTTP/1.1 204 No Content
13:20:35.983 [main] DEBUG org.apache.hc.client5.http.headers -- http-outgoing-0 << Api-Version: 1.47
13:20:35.983 [main] DEBUG org.apache.hc.client5.http.headers -- http-outgoing-0 << Docker-Experimental: false
13:20:35.983 [main] DEBUG org.apache.hc.client5.http.headers -- http-outgoing-0 << Ostype: linux
13:20:35.983 [main] DEBUG org.apache.hc.client5.http.headers -- http-outgoing-0 << Server: Docker/27.3.1 (linux)
13:20:35.983 [main] DEBUG org.apache.hc.client5.http.headers -- http-outgoing-0 << Date: Thu, 13 Mar 2025 13:20:35 GMT
13:20:35.983 [main] DEBUG org.apache.hc.client5.http.impl.classic.MainClientExec -- ex-0000000002 connection can be kept alive for 3 MINUTES
13:20:35.983 [main] DEBUG org.apache.hc.client5.http.impl.classic.InternalHttpClient -- ep-0000000002 releasing valid endpoint
13:20:35.983 [main] DEBUG org.apache.hc.client5.http.impl.io.PoolingHttpClientConnectionManager -- ep-0000000002 releasing endpoint
13:20:35.983 [main] DEBUG org.apache.hc.client5.http.impl.io.PoolingHttpClientConnectionManager -- ep-0000000002 connection http-outgoing-0 can be kept alive for 3 MINUTES
13:20:35.984 [main] DEBUG org.apache.hc.client5.http.impl.io.PoolingHttpClientConnectionManager -- ep-0000000002 connection released [route: {}->unix://localhost:2375][total available: 1; route allocated: 1 of 2147483647; total allocated: 1 of 2147483647]
13:20:35.984 [main] DEBUG com.github.dockerjava.core.command.AbstrDockerCmd -- Cmd: c869f8b053e1796df3b51c3e9fdab51f7d7791f5b103a9303c66de628b4e7d71,false
13:20:35.985 [main] DEBUG com.github.dockerjava.core.exec.InspectContainerCmdExec -- GET: DefaultWebTarget{path=[/containers/c869f8b053e1796df3b51c3e9fdab51f7d7791f5b103a9303c66de628b4e7d71/json], queryParams={}}
13:20:35.987 [main] DEBUG org.apache.hc.client5.http.impl.classic.InternalHttpClient -- ex-0000000003 preparing request execution
13:20:35.987 [main] DEBUG org.apache.hc.client5.http.impl.classic.ProtocolExec -- ex-0000000003 target auth state: UNCHALLENGED
13:20:35.987 [main] DEBUG org.apache.hc.client5.http.impl.classic.ProtocolExec -- ex-0000000003 proxy auth state: UNCHALLENGED
13:20:35.987 [main] DEBUG org.apache.hc.client5.http.impl.classic.ConnectExec -- ex-0000000003 acquiring connection with route {}->unix://localhost:2375
13:20:35.987 [main] DEBUG org.apache.hc.client5.http.impl.classic.InternalHttpClient -- ex-0000000003 acquiring endpoint (3 MINUTES)
13:20:35.987 [main] DEBUG org.apache.hc.client5.http.impl.io.PoolingHttpClientConnectionManager -- ex-0000000003 endpoint lease request (3 MINUTES) [route: {}->unix://localhost:2375][total available: 1; route allocated: 1 of 2147483647; total allocated: 1 of 2147483647]
13:20:35.987 [main] DEBUG org.apache.hc.client5.http.impl.io.PoolingHttpClientConnectionManager -- ex-0000000003 endpoint leased [route: {}->unix://localhost:2375][total available: 0; route allocated: 1 of 2147483647; total allocated: 1 of 2147483647]
13:20:35.987 [main] DEBUG org.apache.hc.client5.http.impl.io.PoolingHttpClientConnectionManager -- ex-0000000003 acquired ep-0000000003
13:20:35.987 [main] DEBUG org.apache.hc.client5.http.impl.classic.InternalHttpClient -- ex-0000000003 acquired endpoint ep-0000000003
13:20:35.987 [main] DEBUG org.apache.hc.client5.http.impl.classic.MainClientExec -- ex-0000000003 executing GET /containers/c869f8b053e1796df3b51c3e9fdab51f7d7791f5b103a9303c66de628b4e7d71/json HTTP/1.1
13:20:35.988 [main] DEBUG org.apache.hc.client5.http.protocol.RequestAddCookies -- ex-0000000003 Cookie spec selected: strict
13:20:35.988 [main] DEBUG org.apache.hc.client5.http.impl.classic.InternalHttpClient -- ep-0000000003 start execution ex-0000000003
13:20:35.988 [main] DEBUG org.apache.hc.client5.http.impl.io.PoolingHttpClientConnectionManager -- ep-0000000003 executing exchange ex-0000000003 over http-outgoing-0
13:20:35.988 [main] DEBUG org.apache.hc.client5.http.headers -- http-outgoing-0 >> GET /containers/c869f8b053e1796df3b51c3e9fdab51f7d7791f5b103a9303c66de628b4e7d71/json HTTP/1.1
13:20:35.988 [main] DEBUG org.apache.hc.client5.http.headers -- http-outgoing-0 >> accept: application/json
13:20:35.988 [main] DEBUG org.apache.hc.client5.http.headers -- http-outgoing-0 >> Accept-Encoding: gzip, x-gzip, deflate, br
13:20:35.988 [main] DEBUG org.apache.hc.client5.http.headers -- http-outgoing-0 >> Host: localhost:2375
13:20:35.988 [main] DEBUG org.apache.hc.client5.http.headers -- http-outgoing-0 >> Connection: keep-alive
13:20:35.988 [main] DEBUG org.apache.hc.client5.http.headers -- http-outgoing-0 >> User-Agent: Apache-HttpClient/5.2.1 (Java/21.0.6)
13:20:35.988 [main] DEBUG org.apache.hc.client5.http.wire -- http-outgoing-0 >> "GET /containers/c869f8b053e1796df3b51c3e9fdab51f7d7791f5b103a9303c66de628b4e7d71/json HTTP/1.1[\r][\n]"
13:20:35.988 [main] DEBUG org.apache.hc.client5.http.wire -- http-outgoing-0 >> "accept: application/json[\r][\n]"
13:20:35.988 [main] DEBUG org.apache.hc.client5.http.wire -- http-outgoing-0 >> "Accept-Encoding: gzip, x-gzip, deflate, br[\r][\n]"
13:20:35.988 [main] DEBUG org.apache.hc.client5.http.wire -- http-outgoing-0 >> "Host: localhost:2375[\r][\n]"
13:20:35.988 [main] DEBUG org.apache.hc.client5.http.wire -- http-outgoing-0 >> "Connection: keep-alive[\r][\n]"
13:20:35.988 [main] DEBUG org.apache.hc.client5.http.wire -- http-outgoing-0 >> "User-Agent: Apache-HttpClient/5.2.1 (Java/21.0.6)[\r][\n]"
13:20:35.988 [main] DEBUG org.apache.hc.client5.http.wire -- http-outgoing-0 >> "[\r][\n]"
13:20:35.989 [main] DEBUG org.apache.hc.client5.http.wire -- http-outgoing-0 << "HTTP/1.1 200 OK[\r][\n]"
13:20:35.989 [main] DEBUG org.apache.hc.client5.http.wire -- http-outgoing-0 << "Api-Version: 1.47[\r][\n]"
13:20:35.989 [main] DEBUG org.apache.hc.client5.http.wire -- http-outgoing-0 << "Content-Type: application/json[\r][\n]"
13:20:35.989 [main] DEBUG org.apache.hc.client5.http.wire -- http-outgoing-0 << "Docker-Experimental: false[\r][\n]"
13:20:35.989 [main] DEBUG org.apache.hc.client5.http.wire -- http-outgoing-0 << "Ostype: linux[\r][\n]"
13:20:35.989 [main] DEBUG org.apache.hc.client5.http.wire -- http-outgoing-0 << "Server: Docker/27.3.1 (linux)[\r][\n]"
13:20:35.989 [main] DEBUG org.apache.hc.client5.http.wire -- http-outgoing-0 << "Date: Thu, 13 Mar 2025 13:20:35 GMT[\r][\n]"
13:20:35.989 [main] DEBUG org.apache.hc.client5.http.wire -- http-outgoing-0 << "Transfer-Encoding: chunked[\r][\n]"
13:20:35.989 [main] DEBUG org.apache.hc.client5.http.wire -- http-outgoing-0 << "[\r][\n]"
13:20:35.989 [main] DEBUG org.apache.hc.client5.http.wire -- http-outgoing-0 << "199f[\r][\n]"
13:20:35.990 [main] DEBUG org.apache.hc.client5.http.wire -- http-outgoing-0 << "{"Id":"c869f8b053e1796df3b51c3e9fdab51f7d7791f5b103a9303c66de628b4e7d71","Created":"2025-03-13T13:20:35.68345276Z","Path":"/entrypoint.sh","Args":[],"State":{"Status":"running","Running":true,"Paused":false,"Restarting":false,"OOMKilled":false,"Dead":false,"Pid":25122,"ExitCode":0,"Error":"","StartedAt":"2025-03-13T13:20:35.845810361Z","FinishedAt":"0001-01-01T00:00:00Z"},"Image":"sha256:61bc6407fa25373220de1725993cdff5006dff500e775353aa5dd1f328c9c9d1","ResolvConfPath":"/var/lib/docker/containers/c869f8b053e1796df3b51c3e9fdab51f7d7791f5b103a9303c66de628b4e7d71/resolv.conf","HostnamePath":"/var/lib/docker/containers/c869f8b053e1796df3b51c3e9fdab51f7d7791f5b103a9303c66de628b4e7d71/hostname","HostsPath":"/var/lib/docker/containers/c869f8b053e1796df3b51c3e9fdab51f7d7791f5b103a9303c66de628b4e7d71/hosts","LogPath":"/var/lib/docker/containers/c869f8b053e1796df3b51c3e9fdab51f7d7791f5b103a9303c66de628b4e7d71/c869f8b053e1796df3b51c3e9fdab51f7d7791f5b103a9303c66de628b4e7d71-json.log","Name":"/competent_hypatia","RestartCount":0,"Driver":"overlay2","Platform":"linux","MountLabel":"","ProcessLabel":"","AppArmorProfile":"docker-default","ExecIDs":null,"HostConfig":{"Binds":[],"ContainerIDFile":"","LogConfig":{"Type":"json-file","Config":{}},"NetworkMode":"bridge","PortBindings":{"4444/tcp":[{"HostIp":"","HostPort":""}],"5900/tcp":[{"HostIp":"","HostPort":""}]},"RestartPolicy":{"Name":"no","MaximumRetryCount":0},"AutoRemove":false,"VolumeDriver":"","VolumesFrom":null,"ConsoleSize":[0,0],"CapAdd":["SYS_ADMIN"],"CapDrop":null,"CgroupnsMode":"private","Dns":null,"DnsOptions":null,"DnsSearch":null,"ExtraHosts":[],"GroupAdd":null,"IpcMode":"private","Cgroup":"","Links":null,"OomScoreAdj":0,"PidMode":"","Privileged":false,"PublishAllPorts":true,"ReadonlyRootfs":false,"SecurityOpt":null,"UTSMode":"","UsernsMode":"","ShmSize":268435456,"Runtime":"runc","Isolation":"","CpuShares":0,"Memory":0,"NanoCpus":0,"CgroupParent":"","BlkioWeight":0,"BlkioWeightDevice":null,"BlkioDeviceReadBps":null,"BlkioDeviceWriteBps":null,"BlkioDeviceReadIOps":null,"BlkioDeviceWriteIOps":null,"CpuPeriod":0,"CpuQuota":0,"CpuRealtimePeriod":0,"CpuRealtimeRuntime":0,"CpusetCpus":"","CpusetMems":"","Devices":null,"DeviceCgroupRules":null,"DeviceRequests":null,"MemoryReservation":0,"MemorySwap":0,"MemorySwappiness":null,"OomKillDisable":null,"PidsLimit":null,"Ulimits":null,"CpuCount":0,"CpuPercent":0,"IOMaximumIOps":0,"IOMaximumBandwidth":0,"Mounts":[{"Type":"tmpfs","Target":"/tmp","TmpfsOptions":{"SizeBytes":134217728}}],"MaskedPaths":["/proc/asound","/proc/acpi","/proc/kcore","/proc/keys","/proc/latency_stats","/proc/timer_list","/proc/timer_stats","/proc/sched_debug","/proc/scsi","/sys/firmware","/sys/devices/virtual/powercap"],"ReadonlyPaths":["/proc/bus","/proc/fs","/proc/irq","/proc/sys","/proc/sysrq-trigger"]},"GraphDriver":{"Data":{"LowerDir":"/var/lib/docker/overlay2/adc97146bb0760afce41ac3ac1eb71bf63560d8383a68cb8bebede32ede056a4-init/diff:/var/lib/docker/overlay2/d1fb35a8153f0b884fcb398c56cb5351efc7744dca9cb503863cead81d01cd49/diff:/var/lib/docker/overlay2/a1cccdfc9c9ed9685fac3beff86755062c81042cb57084e23eee3d00b6fc35ee/diff:/var/lib/docker/overlay2/325c4976d02b18c43bbf825b66dfee0ce5c6411835d6e5fead5104befae2fa06/diff:/var/lib/docker/overlay2/86c18498071d4379b8d19dbd614bfa402ea5982f352756e430651d478f2b8abd/diff:/var/lib/docker/overlay2/4807c62d54a38107e8eac199601b40b9610c29585524368ad38621b7bbde1916/diff:/var/lib/docker/overlay2/99c705db9af25af80ff33c73d96c334288a6d38f9189e9805dcb401ba9bffcce/diff:/var/lib/docker/overlay2/7b93997d0173bf586c76910c651746cc2e1d79393bdb0c14e15bbd0e0911e319/diff:/var/lib/docker/overlay2/268efc65c32787c4d691070e3e4db8a8e49e2c063eb063c5781caa26f6bf9f4b/diff:/var/lib/docker/overlay2/1d4bec265fe6927b9503d70baf324d64c0866f98cbb0e91e2b31aafd9d4925d1/diff:/var/lib/docker/overlay2/e7b85502f2df2ba9c4c52e922fde19f3dc802df338afc992be"
13:20:35.990 [main] DEBUG org.apache.hc.client5.http.headers -- http-outgoing-0 << HTTP/1.1 200 OK
13:20:35.990 [main] DEBUG org.apache.hc.client5.http.headers -- http-outgoing-0 << Api-Version: 1.47
13:20:35.990 [main] DEBUG org.apache.hc.client5.http.headers -- http-outgoing-0 << Content-Type: application/json
13:20:35.990 [main] DEBUG org.apache.hc.client5.http.headers -- http-outgoing-0 << Docker-Experimental: false
13:20:35.990 [main] DEBUG org.apache.hc.client5.http.headers -- http-outgoing-0 << Ostype: linux
13:20:35.990 [main] DEBUG org.apache.hc.client5.http.headers -- http-outgoing-0 << Server: Docker/27.3.1 (linux)
13:20:35.990 [main] DEBUG org.apache.hc.client5.http.headers -- http-outgoing-0 << Date: Thu, 13 Mar 2025 13:20:35 GMT
13:20:35.990 [main] DEBUG org.apache.hc.client5.http.headers -- http-outgoing-0 << Transfer-Encoding: chunked
13:20:35.991 [main] DEBUG org.apache.hc.client5.http.impl.classic.MainClientExec -- ex-0000000003 connection can be kept alive for 3 MINUTES
13:20:36.042 [main] DEBUG org.apache.hc.client5.http.wire -- http-outgoing-0 << "49ff4095473260/diff:/var/lib/docker/overlay2/014359fce9c05989850c9b066ed67350b1d35f2535a1e5485258c7f5b5e59ed0/diff:/var/lib/docker/overlay2/36d5520a18a2d6df04fc7c7645f1b453d4fc80cf33406a7e764650a8172394d0/diff:/var/lib/docker/overlay2/c26ee4d3320937d6fb1c4d9131b83db84bcbe00c61008b5d16a799d08c969d67/diff","MergedDir":"/var/lib/docker/overlay2/adc97146bb0760afce41ac3ac1eb71bf63560d8383a68cb8bebede32ede056a4/merged","UpperDir":"/var/lib/docker/overlay2/adc97146bb0760afce41ac3ac1eb71bf63560d8383a68cb8bebede32ede056a4/diff","WorkDir":"/var/lib/docker/overlay2/adc97146bb0760afce41ac3ac1eb71bf63560d8383a68cb8bebede32ede056a4/work"},"Name":"overlay2"},"Mounts":[{"Type":"tmpfs","Source":"","Destination":"/tmp","Mode":"","RW":true,"Propagation":""}],"Config":{"Hostname":"c869f8b053e1","Domainname":"","User":"selenium","AttachStdin":false,"AttachStdout":false,"AttachStderr":false,"ExposedPorts":{"4444/tcp":{},"5900/tcp":{}},"Tty":false,"OpenStdin":false,"StdinOnce":false,"Env":["TZ=Etc/UTC","LANGUAGE=EN","SCREEN_RESOLUTION=1280x1080x24","ENABLE_VNC=true","DRIVER_ARGS=--whitelisted-ips= --allowed-origins=*","PATH=/usr/local/sbin:/usr/local/bin:/usr/sbin:/usr/bin:/sbin:/bin","DBUS_SESSION_BUS_ADDRESS=/dev/null"],"Cmd":null,"Image":"selenoid/vnc:chrome_128.0","Volumes":null,"WorkingDir":"","Entrypoint":["/entrypoint.sh"],"OnBuild":null,"Labels":{"browser":"google-chrome-stable:128.0.6613.137-1","driver":"chromedriver:128.0.6613.18","org.opencontainers.image.ref.name":"ubuntu","org.opencontainers.image.version":"22.04"}},"NetworkSettings":{"Bridge":"","SandboxID":"0c4e286c781bfca8fc7c8a7ce5103559953ef6a14a5e690670cb19e87df9d336","SandboxKey":"/var/run/docker/netns/0c4e286c781b","Ports":{"4444/tcp":[{"HostIp":"0.0.0.0","HostPort":"32780"},{"HostIp":"::","HostPort":"32780"}],"5900/tcp":[{"HostIp":"0.0.0.0","HostPort":"32781"},{"HostIp":"::","HostPort":"32781"}]},"HairpinMode":false,"LinkLocalIPv6Address":"","LinkLocalIPv6PrefixLen":0,"SecondaryIPAddresses":null,"SecondaryIPv6Addresses":null,"EndpointID":"b62a5bd5894f305904f0816e5f1bd085f907a16490e331f656fb6a60e22dc39f","Gateway":"172.17.0.1","GlobalIPv6Address":"","GlobalIPv6PrefixLen":0,"IPAddress":"172.17.0.2","IPPrefixLen":16,"IPv6Gateway":"","MacAddress":"02:42:ac:11:00:02","Networks":{"bridge":{"IPAMConfig":null,"Links":null,"Aliases":null,"MacAddress":"02:42:ac:11:00:02","DriverOpts":null,"NetworkID":"96f38a2fdc97eb3b9de1157c824a107c9c981b090d61c5577d7084a646f79c3c","EndpointID":"b62a5bd5894f305904f0816e5f1bd085f907a16490e331f656fb6a60e22dc39f","Gateway":"172.17.0.1","IPAddress":"172.17.0.2","IPPrefixLen":16,"IPv6Gateway":"","GlobalIPv6Address":"","GlobalIPv6PrefixLen":0,"DNSNames":null}}}}[\n]"
13:20:36.071 [main] DEBUG org.apache.hc.client5.http.wire -- http-outgoing-0 << "[\r][\n]"
13:20:36.071 [main] DEBUG org.apache.hc.client5.http.wire -- http-outgoing-0 << "0[\r][\n]"
13:20:36.071 [main] DEBUG org.apache.hc.client5.http.wire -- http-outgoing-0 << "[\r][\n]"
13:20:36.071 [main] DEBUG org.apache.hc.client5.http.impl.classic.InternalHttpClient -- ep-0000000003 releasing valid endpoint
13:20:36.071 [main] DEBUG org.apache.hc.client5.http.impl.io.PoolingHttpClientConnectionManager -- ep-0000000003 releasing endpoint
13:20:36.071 [main] DEBUG org.apache.hc.client5.http.impl.io.PoolingHttpClientConnectionManager -- ep-0000000003 connection http-outgoing-0 can be kept alive for 3 MINUTES
13:20:36.071 [main] DEBUG org.apache.hc.client5.http.impl.io.PoolingHttpClientConnectionManager -- ep-0000000003 connection released [route: {}->unix://localhost:2375][total available: 1; route allocated: 1 of 2147483647; total allocated: 1 of 2147483647]
13:20:36.082 [main] DEBUG com.github.dockerjava.core.command.AbstrDockerCmd -- Cmd: c869f8b053e1796df3b51c3e9fdab51f7d7791f5b103a9303c66de628b4e7d71,false
13:20:36.082 [main] DEBUG com.github.dockerjava.core.exec.InspectContainerCmdExec -- GET: DefaultWebTarget{path=[/containers/c869f8b053e1796df3b51c3e9fdab51f7d7791f5b103a9303c66de628b4e7d71/json], queryParams={}}
13:20:36.082 [main] DEBUG org.apache.hc.client5.http.impl.classic.InternalHttpClient -- ex-0000000004 preparing request execution
13:20:36.083 [main] DEBUG org.apache.hc.client5.http.impl.classic.ProtocolExec -- ex-0000000004 target auth state: UNCHALLENGED
13:20:36.083 [main] DEBUG org.apache.hc.client5.http.impl.classic.ProtocolExec -- ex-0000000004 proxy auth state: UNCHALLENGED
13:20:36.083 [main] DEBUG org.apache.hc.client5.http.impl.classic.ConnectExec -- ex-0000000004 acquiring connection with route {}->unix://localhost:2375
13:20:36.083 [main] DEBUG org.apache.hc.client5.http.impl.classic.InternalHttpClient -- ex-0000000004 acquiring endpoint (3 MINUTES)
13:20:36.083 [main] DEBUG org.apache.hc.client5.http.impl.io.PoolingHttpClientConnectionManager -- ex-0000000004 endpoint lease request (3 MINUTES) [route: {}->unix://localhost:2375][total available: 1; route allocated: 1 of 2147483647; total allocated: 1 of 2147483647]
13:20:36.083 [main] DEBUG org.apache.hc.client5.http.impl.io.PoolingHttpClientConnectionManager -- ex-0000000004 endpoint leased [route: {}->unix://localhost:2375][total available: 0; route allocated: 1 of 2147483647; total allocated: 1 of 2147483647]
13:20:36.083 [main] DEBUG org.apache.hc.client5.http.impl.io.PoolingHttpClientConnectionManager -- ex-0000000004 acquired ep-0000000004
13:20:36.083 [main] DEBUG org.apache.hc.client5.http.impl.classic.InternalHttpClient -- ex-0000000004 acquired endpoint ep-0000000004
13:20:36.083 [main] DEBUG org.apache.hc.client5.http.impl.classic.MainClientExec -- ex-0000000004 executing GET /containers/c869f8b053e1796df3b51c3e9fdab51f7d7791f5b103a9303c66de628b4e7d71/json HTTP/1.1
13:20:36.083 [main] DEBUG org.apache.hc.client5.http.protocol.RequestAddCookies -- ex-0000000004 Cookie spec selected: strict
13:20:36.083 [main] DEBUG org.apache.hc.client5.http.impl.classic.InternalHttpClient -- ep-0000000004 start execution ex-0000000004
13:20:36.083 [main] DEBUG org.apache.hc.client5.http.impl.io.PoolingHttpClientConnectionManager -- ep-0000000004 executing exchange ex-0000000004 over http-outgoing-0
13:20:36.083 [main] DEBUG org.apache.hc.client5.http.headers -- http-outgoing-0 >> GET /containers/c869f8b053e1796df3b51c3e9fdab51f7d7791f5b103a9303c66de628b4e7d71/json HTTP/1.1
13:20:36.083 [main] DEBUG org.apache.hc.client5.http.headers -- http-outgoing-0 >> accept: application/json
13:20:36.084 [main] DEBUG org.apache.hc.client5.http.headers -- http-outgoing-0 >> Accept-Encoding: gzip, x-gzip, deflate, br
13:20:36.084 [main] DEBUG org.apache.hc.client5.http.headers -- http-outgoing-0 >> Host: localhost:2375
13:20:36.084 [main] DEBUG org.apache.hc.client5.http.headers -- http-outgoing-0 >> Connection: keep-alive
13:20:36.084 [main] DEBUG org.apache.hc.client5.http.headers -- http-outgoing-0 >> User-Agent: Apache-HttpClient/5.2.1 (Java/21.0.6)
13:20:36.084 [main] DEBUG org.apache.hc.client5.http.wire -- http-outgoing-0 >> "GET /containers/c869f8b053e1796df3b51c3e9fdab51f7d7791f5b103a9303c66de628b4e7d71/json HTTP/1.1[\r][\n]"
13:20:36.084 [main] DEBUG org.apache.hc.client5.http.wire -- http-outgoing-0 >> "accept: application/json[\r][\n]"
13:20:36.084 [main] DEBUG org.apache.hc.client5.http.wire -- http-outgoing-0 >> "Accept-Encoding: gzip, x-gzip, deflate, br[\r][\n]"
13:20:36.084 [main] DEBUG org.apache.hc.client5.http.wire -- http-outgoing-0 >> "Host: localhost:2375[\r][\n]"
13:20:36.084 [main] DEBUG org.apache.hc.client5.http.wire -- http-outgoing-0 >> "Connection: keep-alive[\r][\n]"
13:20:36.084 [main] DEBUG org.apache.hc.client5.http.wire -- http-outgoing-0 >> "User-Agent: Apache-HttpClient/5.2.1 (Java/21.0.6)[\r][\n]"
13:20:36.084 [main] DEBUG org.apache.hc.client5.http.wire -- http-outgoing-0 >> "[\r][\n]"
13:20:36.085 [main] DEBUG org.apache.hc.client5.http.wire -- http-outgoing-0 << "HTTP/1.1 200 OK[\r][\n]"
13:20:36.085 [main] DEBUG org.apache.hc.client5.http.wire -- http-outgoing-0 << "Api-Version: 1.47[\r][\n]"
13:20:36.085 [main] DEBUG org.apache.hc.client5.http.wire -- http-outgoing-0 << "Content-Type: application/json[\r][\n]"
13:20:36.085 [main] DEBUG org.apache.hc.client5.http.wire -- http-outgoing-0 << "Docker-Experimental: false[\r][\n]"
13:20:36.086 [main] DEBUG org.apache.hc.client5.http.wire -- http-outgoing-0 << "Ostype: linux[\r][\n]"
13:20:36.086 [main] DEBUG org.apache.hc.client5.http.wire -- http-outgoing-0 << "Server: Docker/27.3.1 (linux)[\r][\n]"
13:20:36.086 [main] DEBUG org.apache.hc.client5.http.wire -- http-outgoing-0 << "Date: Thu, 13 Mar 2025 13:20:36 GMT[\r][\n]"
13:20:36.086 [main] DEBUG org.apache.hc.client5.http.wire -- http-outgoing-0 << "Transfer-Encoding: chunked[\r][\n]"
13:20:36.086 [main] DEBUG org.apache.hc.client5.http.wire -- http-outgoing-0 << "[\r][\n]"
13:20:36.086 [main] DEBUG org.apache.hc.client5.http.wire -- http-outgoing-0 << "199f[\r][\n]"
13:20:36.086 [main] DEBUG org.apache.hc.client5.http.wire -- http-outgoing-0 << "{"Id":"c869f8b053e1796df3b51c3e9fdab51f7d7791f5b103a9303c66de628b4e7d71","Created":"2025-03-13T13:20:35.68345276Z","Path":"/entrypoint.sh","Args":[],"State":{"Status":"running","Running":true,"Paused":false,"Restarting":false,"OOMKilled":false,"Dead":false,"Pid":25122,"ExitCode":0,"Error":"","StartedAt":"2025-03-13T13:20:35.845810361Z","FinishedAt":"0001-01-01T00:00:00Z"},"Image":"sha256:61bc6407fa25373220de1725993cdff5006dff500e775353aa5dd1f328c9c9d1","ResolvConfPath":"/var/lib/docker/containers/c869f8b053e1796df3b51c3e9fdab51f7d7791f5b103a9303c66de628b4e7d71/resolv.conf","HostnamePath":"/var/lib/docker/containers/c869f8b053e1796df3b51c3e9fdab51f7d7791f5b103a9303c66de628b4e7d71/hostname","HostsPath":"/var/lib/docker/containers/c869f8b053e1796df3b51c3e9fdab51f7d7791f5b103a9303c66de628b4e7d71/hosts","LogPath":"/var/lib/docker/containers/c869f8b053e1796df3b51c3e9fdab51f7d7791f5b103a9303c66de628b4e7d71/c869f8b053e1796df3b51c3e9fdab51f7d7791f5b103a9303c66de628b4e7d71-json.log","Name":"/competent_hypatia","RestartCount":0,"Driver":"overlay2","Platform":"linux","MountLabel":"","ProcessLabel":"","AppArmorProfile":"docker-default","ExecIDs":null,"HostConfig":{"Binds":[],"ContainerIDFile":"","LogConfig":{"Type":"json-file","Config":{}},"NetworkMode":"bridge","PortBindings":{"4444/tcp":[{"HostIp":"","HostPort":""}],"5900/tcp":[{"HostIp":"","HostPort":""}]},"RestartPolicy":{"Name":"no","MaximumRetryCount":0},"AutoRemove":false,"VolumeDriver":"","VolumesFrom":null,"ConsoleSize":[0,0],"CapAdd":["SYS_ADMIN"],"CapDrop":null,"CgroupnsMode":"private","Dns":null,"DnsOptions":null,"DnsSearch":null,"ExtraHosts":[],"GroupAdd":null,"IpcMode":"private","Cgroup":"","Links":null,"OomScoreAdj":0,"PidMode":"","Privileged":false,"PublishAllPorts":true,"ReadonlyRootfs":false,"SecurityOpt":null,"UTSMode":"","UsernsMode":"","ShmSize":268435456,"Runtime":"runc","Isolation":"","CpuShares":0,"Memory":0,"NanoCpus":0,"CgroupParent":"","BlkioWeight":0,"BlkioWeightDevice":null,"BlkioDeviceReadBps":null,"BlkioDeviceWriteBps":null,"BlkioDeviceReadIOps":null,"BlkioDeviceWriteIOps":null,"CpuPeriod":0,"CpuQuota":0,"CpuRealtimePeriod":0,"CpuRealtimeRuntime":0,"CpusetCpus":"","CpusetMems":"","Devices":null,"DeviceCgroupRules":null,"DeviceRequests":null,"MemoryReservation":0,"MemorySwap":0,"MemorySwappiness":null,"OomKillDisable":null,"PidsLimit":null,"Ulimits":null,"CpuCount":0,"CpuPercent":0,"IOMaximumIOps":0,"IOMaximumBandwidth":0,"Mounts":[{"Type":"tmpfs","Target":"/tmp","TmpfsOptions":{"SizeBytes":134217728}}],"MaskedPaths":["/proc/asound","/proc/acpi","/proc/kcore","/proc/keys","/proc/latency_stats","/proc/timer_list","/proc/timer_stats","/proc/sched_debug","/proc/scsi","/sys/firmware","/sys/devices/virtual/powercap"],"ReadonlyPaths":["/proc/bus","/proc/fs","/proc/irq","/proc/sys","/proc/sysrq-trigger"]},"GraphDriver":{"Data":{"LowerDir":"/var/lib/docker/overlay2/adc97146bb0760afce41ac3ac1eb71bf63560d8383a68cb8bebede32ede056a4-init/diff:/var/lib/docker/overlay2/d1fb35a8153f0b884fcb398c56cb5351efc7744dca9cb503863cead81d01cd49/diff:/var/lib/docker/overlay2/a1cccdfc9c9ed9685fac3beff86755062c81042cb57084e23eee3d00b6fc35ee/diff:/var/lib/docker/overlay2/325c4976d02b18c43bbf825b66dfee0ce5c6411835d6e5fead5104befae2fa06/diff:/var/lib/docker/overlay2/86c18498071d4379b8d19dbd614bfa402ea5982f352756e430651d478f2b8abd/diff:/var/lib/docker/overlay2/4807c62d54a38107e8eac199601b40b9610c29585524368ad38621b7bbde1916/diff:/var/lib/docker/overlay2/99c705db9af25af80ff33c73d96c334288a6d38f9189e9805dcb401ba9bffcce/diff:/var/lib/docker/overlay2/7b93997d0173bf586c76910c651746cc2e1d79393bdb0c14e15bbd0e0911e319/diff:/var/lib/docker/overlay2/268efc65c32787c4d691070e3e4db8a8e49e2c063eb063c5781caa26f6bf9f4b/diff:/var/lib/docker/overlay2/1d4bec265fe6927b9503d70baf324d64c0866f98cbb0e91e2b31aafd9d4925d1/diff:/var/lib/docker/overlay2/e7b85502f2df2ba9c4c52e922fde19f3dc802df338afc992be"
13:20:36.086 [main] DEBUG org.apache.hc.client5.http.headers -- http-outgoing-0 << HTTP/1.1 200 OK
13:20:36.086 [main] DEBUG org.apache.hc.client5.http.headers -- http-outgoing-0 << Api-Version: 1.47
13:20:36.086 [main] DEBUG org.apache.hc.client5.http.headers -- http-outgoing-0 << Content-Type: application/json
13:20:36.086 [main] DEBUG org.apache.hc.client5.http.headers -- http-outgoing-0 << Docker-Experimental: false
13:20:36.086 [main] DEBUG org.apache.hc.client5.http.headers -- http-outgoing-0 << Ostype: linux
13:20:36.087 [main] DEBUG org.apache.hc.client5.http.headers -- http-outgoing-0 << Server: Docker/27.3.1 (linux)
13:20:36.087 [main] DEBUG org.apache.hc.client5.http.headers -- http-outgoing-0 << Date: Thu, 13 Mar 2025 13:20:36 GMT
13:20:36.087 [main] DEBUG org.apache.hc.client5.http.headers -- http-outgoing-0 << Transfer-Encoding: chunked
13:20:36.087 [main] DEBUG org.apache.hc.client5.http.impl.classic.MainClientExec -- ex-0000000004 connection can be kept alive for 3 MINUTES
13:20:36.088 [main] DEBUG org.apache.hc.client5.http.wire -- http-outgoing-0 << "49ff4095473260/diff:/var/lib/docker/overlay2/014359fce9c05989850c9b066ed67350b1d35f2535a1e5485258c7f5b5e59ed0/diff:/var/lib/docker/overlay2/36d5520a18a2d6df04fc7c7645f1b453d4fc80cf33406a7e764650a8172394d0/diff:/var/lib/docker/overlay2/c26ee4d3320937d6fb1c4d9131b83db84bcbe00c61008b5d16a799d08c969d67/diff","MergedDir":"/var/lib/docker/overlay2/adc97146bb0760afce41ac3ac1eb71bf63560d8383a68cb8bebede32ede056a4/merged","UpperDir":"/var/lib/docker/overlay2/adc97146bb0760afce41ac3ac1eb71bf63560d8383a68cb8bebede32ede056a4/diff","WorkDir":"/var/lib/docker/overlay2/adc97146bb0760afce41ac3ac1eb71bf63560d8383a68cb8bebede32ede056a4/work"},"Name":"overlay2"},"Mounts":[{"Type":"tmpfs","Source":"","Destination":"/tmp","Mode":"","RW":true,"Propagation":""}],"Config":{"Hostname":"c869f8b053e1","Domainname":"","User":"selenium","AttachStdin":false,"AttachStdout":false,"AttachStderr":false,"ExposedPorts":{"4444/tcp":{},"5900/tcp":{}},"Tty":false,"OpenStdin":false,"StdinOnce":false,"Env":["TZ=Etc/UTC","LANGUAGE=EN","SCREEN_RESOLUTION=1280x1080x24","ENABLE_VNC=true","DRIVER_ARGS=--whitelisted-ips= --allowed-origins=*","PATH=/usr/local/sbin:/usr/local/bin:/usr/sbin:/usr/bin:/sbin:/bin","DBUS_SESSION_BUS_ADDRESS=/dev/null"],"Cmd":null,"Image":"selenoid/vnc:chrome_128.0","Volumes":null,"WorkingDir":"","Entrypoint":["/entrypoint.sh"],"OnBuild":null,"Labels":{"browser":"google-chrome-stable:128.0.6613.137-1","driver":"chromedriver:128.0.6613.18","org.opencontainers.image.ref.name":"ubuntu","org.opencontainers.image.version":"22.04"}},"NetworkSettings":{"Bridge":"","SandboxID":"0c4e286c781bfca8fc7c8a7ce5103559953ef6a14a5e690670cb19e87df9d336","SandboxKey":"/var/run/docker/netns/0c4e286c781b","Ports":{"4444/tcp":[{"HostIp":"0.0.0.0","HostPort":"32780"},{"HostIp":"::","HostPort":"32780"}],"5900/tcp":[{"HostIp":"0.0.0.0","HostPort":"32781"},{"HostIp":"::","HostPort":"32781"}]},"HairpinMode":false,"LinkLocalIPv6Address":"","LinkLocalIPv6PrefixLen":0,"SecondaryIPAddresses":null,"SecondaryIPv6Addresses":null,"EndpointID":"b62a5bd5894f305904f0816e5f1bd085f907a16490e331f656fb6a60e22dc39f","Gateway":"172.17.0.1","GlobalIPv6Address":"","GlobalIPv6PrefixLen":0,"IPAddress":"172.17.0.2","IPPrefixLen":16,"IPv6Gateway":"","MacAddress":"02:42:ac:11:00:02","Networks":{"bridge":{"IPAMConfig":null,"Links":null,"Aliases":null,"MacAddress":"02:42:ac:11:00:02","DriverOpts":null,"NetworkID":"96f38a2fdc97eb3b9de1157c824a107c9c981b090d61c5577d7084a646f79c3c","EndpointID":"b62a5bd5894f305904f0816e5f1bd085f907a16490e331f656fb6a60e22dc39f","Gateway":"172.17.0.1","IPAddress":"172.17.0.2","IPPrefixLen":16,"IPv6Gateway":"","GlobalIPv6Address":"","GlobalIPv6PrefixLen":0,"DNSNames":null}}}}[\n]"
13:20:36.091 [main] DEBUG org.apache.hc.client5.http.wire -- http-outgoing-0 << "[\r][\n]"
13:20:36.091 [main] DEBUG org.apache.hc.client5.http.wire -- http-outgoing-0 << "0[\r][\n]"
13:20:36.091 [main] DEBUG org.apache.hc.client5.http.wire -- http-outgoing-0 << "[\r][\n]"
13:20:36.091 [main] DEBUG org.apache.hc.client5.http.impl.classic.InternalHttpClient -- ep-0000000004 releasing valid endpoint
13:20:36.091 [main] DEBUG org.apache.hc.client5.http.impl.io.PoolingHttpClientConnectionManager -- ep-0000000004 releasing endpoint
13:20:36.091 [main] DEBUG org.apache.hc.client5.http.impl.io.PoolingHttpClientConnectionManager -- ep-0000000004 connection http-outgoing-0 can be kept alive for 3 MINUTES
13:20:36.091 [main] DEBUG org.apache.hc.client5.http.impl.io.PoolingHttpClientConnectionManager -- ep-0000000004 connection released [route: {}->unix://localhost:2375][total available: 1; route allocated: 1 of 2147483647; total allocated: 1 of 2147483647]
13:20:36.091 [main] DEBUG com.github.dockerjava.core.command.AbstrDockerCmd -- Cmd: c869f8b053e1796df3b51c3e9fdab51f7d7791f5b103a9303c66de628b4e7d71,false
13:20:36.091 [main] DEBUG com.github.dockerjava.core.exec.InspectContainerCmdExec -- GET: DefaultWebTarget{path=[/containers/c869f8b053e1796df3b51c3e9fdab51f7d7791f5b103a9303c66de628b4e7d71/json], queryParams={}}
13:20:36.092 [main] DEBUG org.apache.hc.client5.http.impl.classic.InternalHttpClient -- ex-0000000005 preparing request execution
13:20:36.092 [main] DEBUG org.apache.hc.client5.http.impl.classic.ProtocolExec -- ex-0000000005 target auth state: UNCHALLENGED
13:20:36.092 [main] DEBUG org.apache.hc.client5.http.impl.classic.ProtocolExec -- ex-0000000005 proxy auth state: UNCHALLENGED
13:20:36.092 [main] DEBUG org.apache.hc.client5.http.impl.classic.ConnectExec -- ex-0000000005 acquiring connection with route {}->unix://localhost:2375
13:20:36.092 [main] DEBUG org.apache.hc.client5.http.impl.classic.InternalHttpClient -- ex-0000000005 acquiring endpoint (3 MINUTES)
13:20:36.092 [main] DEBUG org.apache.hc.client5.http.impl.io.PoolingHttpClientConnectionManager -- ex-0000000005 endpoint lease request (3 MINUTES) [route: {}->unix://localhost:2375][total available: 1; route allocated: 1 of 2147483647; total allocated: 1 of 2147483647]
13:20:36.092 [main] DEBUG org.apache.hc.client5.http.impl.io.PoolingHttpClientConnectionManager -- ex-0000000005 endpoint leased [route: {}->unix://localhost:2375][total available: 0; route allocated: 1 of 2147483647; total allocated: 1 of 2147483647]
13:20:36.092 [main] DEBUG org.apache.hc.client5.http.impl.io.PoolingHttpClientConnectionManager -- ex-0000000005 acquired ep-0000000005
13:20:36.092 [main] DEBUG org.apache.hc.client5.http.impl.classic.InternalHttpClient -- ex-0000000005 acquired endpoint ep-0000000005
13:20:36.092 [main] DEBUG org.apache.hc.client5.http.impl.classic.MainClientExec -- ex-0000000005 executing GET /containers/c869f8b053e1796df3b51c3e9fdab51f7d7791f5b103a9303c66de628b4e7d71/json HTTP/1.1
13:20:36.092 [main] DEBUG org.apache.hc.client5.http.protocol.RequestAddCookies -- ex-0000000005 Cookie spec selected: strict
13:20:36.092 [main] DEBUG org.apache.hc.client5.http.impl.classic.InternalHttpClient -- ep-0000000005 start execution ex-0000000005
13:20:36.092 [main] DEBUG org.apache.hc.client5.http.impl.io.PoolingHttpClientConnectionManager -- ep-0000000005 executing exchange ex-0000000005 over http-outgoing-0
13:20:36.092 [main] DEBUG org.apache.hc.client5.http.headers -- http-outgoing-0 >> GET /containers/c869f8b053e1796df3b51c3e9fdab51f7d7791f5b103a9303c66de628b4e7d71/json HTTP/1.1
13:20:36.093 [main] DEBUG org.apache.hc.client5.http.headers -- http-outgoing-0 >> accept: application/json
13:20:36.093 [main] DEBUG org.apache.hc.client5.http.headers -- http-outgoing-0 >> Accept-Encoding: gzip, x-gzip, deflate, br
13:20:36.093 [main] DEBUG org.apache.hc.client5.http.headers -- http-outgoing-0 >> Host: localhost:2375
13:20:36.093 [main] DEBUG org.apache.hc.client5.http.headers -- http-outgoing-0 >> Connection: keep-alive
13:20:36.093 [main] DEBUG org.apache.hc.client5.http.headers -- http-outgoing-0 >> User-Agent: Apache-HttpClient/5.2.1 (Java/21.0.6)
13:20:36.093 [main] DEBUG org.apache.hc.client5.http.wire -- http-outgoing-0 >> "GET /containers/c869f8b053e1796df3b51c3e9fdab51f7d7791f5b103a9303c66de628b4e7d71/json HTTP/1.1[\r][\n]"
13:20:36.093 [main] DEBUG org.apache.hc.client5.http.wire -- http-outgoing-0 >> "accept: application/json[\r][\n]"
13:20:36.093 [main] DEBUG org.apache.hc.client5.http.wire -- http-outgoing-0 >> "Accept-Encoding: gzip, x-gzip, deflate, br[\r][\n]"
13:20:36.093 [main] DEBUG org.apache.hc.client5.http.wire -- http-outgoing-0 >> "Host: localhost:2375[\r][\n]"
13:20:36.093 [main] DEBUG org.apache.hc.client5.http.wire -- http-outgoing-0 >> "Connection: keep-alive[\r][\n]"
13:20:36.093 [main] DEBUG org.apache.hc.client5.http.wire -- http-outgoing-0 >> "User-Agent: Apache-HttpClient/5.2.1 (Java/21.0.6)[\r][\n]"
13:20:36.093 [main] DEBUG org.apache.hc.client5.http.wire -- http-outgoing-0 >> "[\r][\n]"
13:20:36.093 [main] DEBUG org.apache.hc.client5.http.wire -- http-outgoing-0 << "HTTP/1.1 200 OK[\r][\n]"
13:20:36.094 [main] DEBUG org.apache.hc.client5.http.wire -- http-outgoing-0 << "Api-Version: 1.47[\r][\n]"
13:20:36.094 [main] DEBUG org.apache.hc.client5.http.wire -- http-outgoing-0 << "Content-Type: application/json[\r][\n]"
13:20:36.094 [main] DEBUG org.apache.hc.client5.http.wire -- http-outgoing-0 << "Docker-Experimental: false[\r][\n]"
13:20:36.094 [main] DEBUG org.apache.hc.client5.http.wire -- http-outgoing-0 << "Ostype: linux[\r][\n]"
13:20:36.094 [main] DEBUG org.apache.hc.client5.http.wire -- http-outgoing-0 << "Server: Docker/27.3.1 (linux)[\r][\n]"
13:20:36.094 [main] DEBUG org.apache.hc.client5.http.wire -- http-outgoing-0 << "Date: Thu, 13 Mar 2025 13:20:36 GMT[\r][\n]"
13:20:36.094 [main] DEBUG org.apache.hc.client5.http.wire -- http-outgoing-0 << "Transfer-Encoding: chunked[\r][\n]"
13:20:36.094 [main] DEBUG org.apache.hc.client5.http.wire -- http-outgoing-0 << "[\r][\n]"
13:20:36.094 [main] DEBUG org.apache.hc.client5.http.wire -- http-outgoing-0 << "199f[\r][\n]"
13:20:36.094 [main] DEBUG org.apache.hc.client5.http.wire -- http-outgoing-0 << "{"Id":"c869f8b053e1796df3b51c3e9fdab51f7d7791f5b103a9303c66de628b4e7d71","Created":"2025-03-13T13:20:35.68345276Z","Path":"/entrypoint.sh","Args":[],"State":{"Status":"running","Running":true,"Paused":false,"Restarting":false,"OOMKilled":false,"Dead":false,"Pid":25122,"ExitCode":0,"Error":"","StartedAt":"2025-03-13T13:20:35.845810361Z","FinishedAt":"0001-01-01T00:00:00Z"},"Image":"sha256:61bc6407fa25373220de1725993cdff5006dff500e775353aa5dd1f328c9c9d1","ResolvConfPath":"/var/lib/docker/containers/c869f8b053e1796df3b51c3e9fdab51f7d7791f5b103a9303c66de628b4e7d71/resolv.conf","HostnamePath":"/var/lib/docker/containers/c869f8b053e1796df3b51c3e9fdab51f7d7791f5b103a9303c66de628b4e7d71/hostname","HostsPath":"/var/lib/docker/containers/c869f8b053e1796df3b51c3e9fdab51f7d7791f5b103a9303c66de628b4e7d71/hosts","LogPath":"/var/lib/docker/containers/c869f8b053e1796df3b51c3e9fdab51f7d7791f5b103a9303c66de628b4e7d71/c869f8b053e1796df3b51c3e9fdab51f7d7791f5b103a9303c66de628b4e7d71-json.log","Name":"/competent_hypatia","RestartCount":0,"Driver":"overlay2","Platform":"linux","MountLabel":"","ProcessLabel":"","AppArmorProfile":"docker-default","ExecIDs":null,"HostConfig":{"Binds":[],"ContainerIDFile":"","LogConfig":{"Type":"json-file","Config":{}},"NetworkMode":"bridge","PortBindings":{"4444/tcp":[{"HostIp":"","HostPort":""}],"5900/tcp":[{"HostIp":"","HostPort":""}]},"RestartPolicy":{"Name":"no","MaximumRetryCount":0},"AutoRemove":false,"VolumeDriver":"","VolumesFrom":null,"ConsoleSize":[0,0],"CapAdd":["SYS_ADMIN"],"CapDrop":null,"CgroupnsMode":"private","Dns":null,"DnsOptions":null,"DnsSearch":null,"ExtraHosts":[],"GroupAdd":null,"IpcMode":"private","Cgroup":"","Links":null,"OomScoreAdj":0,"PidMode":"","Privileged":false,"PublishAllPorts":true,"ReadonlyRootfs":false,"SecurityOpt":null,"UTSMode":"","UsernsMode":"","ShmSize":268435456,"Runtime":"runc","Isolation":"","CpuShares":0,"Memory":0,"NanoCpus":0,"CgroupParent":"","BlkioWeight":0,"BlkioWeightDevice":null,"BlkioDeviceReadBps":null,"BlkioDeviceWriteBps":null,"BlkioDeviceReadIOps":null,"BlkioDeviceWriteIOps":null,"CpuPeriod":0,"CpuQuota":0,"CpuRealtimePeriod":0,"CpuRealtimeRuntime":0,"CpusetCpus":"","CpusetMems":"","Devices":null,"DeviceCgroupRules":null,"DeviceRequests":null,"MemoryReservation":0,"MemorySwap":0,"MemorySwappiness":null,"OomKillDisable":null,"PidsLimit":null,"Ulimits":null,"CpuCount":0,"CpuPercent":0,"IOMaximumIOps":0,"IOMaximumBandwidth":0,"Mounts":[{"Type":"tmpfs","Target":"/tmp","TmpfsOptions":{"SizeBytes":134217728}}],"MaskedPaths":["/proc/asound","/proc/acpi","/proc/kcore","/proc/keys","/proc/latency_stats","/proc/timer_list","/proc/timer_stats","/proc/sched_debug","/proc/scsi","/sys/firmware","/sys/devices/virtual/powercap"],"ReadonlyPaths":["/proc/bus","/proc/fs","/proc/irq","/proc/sys","/proc/sysrq-trigger"]},"GraphDriver":{"Data":{"LowerDir":"/var/lib/docker/overlay2/adc97146bb0760afce41ac3ac1eb71bf63560d8383a68cb8bebede32ede056a4-init/diff:/var/lib/docker/overlay2/d1fb35a8153f0b884fcb398c56cb5351efc7744dca9cb503863cead81d01cd49/diff:/var/lib/docker/overlay2/a1cccdfc9c9ed9685fac3beff86755062c81042cb57084e23eee3d00b6fc35ee/diff:/var/lib/docker/overlay2/325c4976d02b18c43bbf825b66dfee0ce5c6411835d6e5fead5104befae2fa06/diff:/var/lib/docker/overlay2/86c18498071d4379b8d19dbd614bfa402ea5982f352756e430651d478f2b8abd/diff:/var/lib/docker/overlay2/4807c62d54a38107e8eac199601b40b9610c29585524368ad38621b7bbde1916/diff:/var/lib/docker/overlay2/99c705db9af25af80ff33c73d96c334288a6d38f9189e9805dcb401ba9bffcce/diff:/var/lib/docker/overlay2/7b93997d0173bf586c76910c651746cc2e1d79393bdb0c14e15bbd0e0911e319/diff:/var/lib/docker/overlay2/268efc65c32787c4d691070e3e4db8a8e49e2c063eb063c5781caa26f6bf9f4b/diff:/var/lib/docker/overlay2/1d4bec265fe6927b9503d70baf324d64c0866f98cbb0e91e2b31aafd9d4925d1/diff:/var/lib/docker/overlay2/e7b85502f2df2ba9c4c52e922fde19f3dc802df338afc992be"
13:20:36.094 [main] DEBUG org.apache.hc.client5.http.headers -- http-outgoing-0 << HTTP/1.1 200 OK
13:20:36.094 [main] DEBUG org.apache.hc.client5.http.headers -- http-outgoing-0 << Api-Version: 1.47
13:20:36.094 [main] DEBUG org.apache.hc.client5.http.headers -- http-outgoing-0 << Content-Type: application/json
13:20:36.094 [main] DEBUG org.apache.hc.client5.http.headers -- http-outgoing-0 << Docker-Experimental: false
13:20:36.094 [main] DEBUG org.apache.hc.client5.http.headers -- http-outgoing-0 << Ostype: linux
13:20:36.094 [main] DEBUG org.apache.hc.client5.http.headers -- http-outgoing-0 << Server: Docker/27.3.1 (linux)
13:20:36.094 [main] DEBUG org.apache.hc.client5.http.headers -- http-outgoing-0 << Date: Thu, 13 Mar 2025 13:20:36 GMT
13:20:36.094 [main] DEBUG org.apache.hc.client5.http.headers -- http-outgoing-0 << Transfer-Encoding: chunked
13:20:36.095 [main] DEBUG org.apache.hc.client5.http.impl.classic.MainClientExec -- ex-0000000005 connection can be kept alive for 3 MINUTES
13:20:36.095 [main] DEBUG org.apache.hc.client5.http.wire -- http-outgoing-0 << "49ff4095473260/diff:/var/lib/docker/overlay2/014359fce9c05989850c9b066ed67350b1d35f2535a1e5485258c7f5b5e59ed0/diff:/var/lib/docker/overlay2/36d5520a18a2d6df04fc7c7645f1b453d4fc80cf33406a7e764650a8172394d0/diff:/var/lib/docker/overlay2/c26ee4d3320937d6fb1c4d9131b83db84bcbe00c61008b5d16a799d08c969d67/diff","MergedDir":"/var/lib/docker/overlay2/adc97146bb0760afce41ac3ac1eb71bf63560d8383a68cb8bebede32ede056a4/merged","UpperDir":"/var/lib/docker/overlay2/adc97146bb0760afce41ac3ac1eb71bf63560d8383a68cb8bebede32ede056a4/diff","WorkDir":"/var/lib/docker/overlay2/adc97146bb0760afce41ac3ac1eb71bf63560d8383a68cb8bebede32ede056a4/work"},"Name":"overlay2"},"Mounts":[{"Type":"tmpfs","Source":"","Destination":"/tmp","Mode":"","RW":true,"Propagation":""}],"Config":{"Hostname":"c869f8b053e1","Domainname":"","User":"selenium","AttachStdin":false,"AttachStdout":false,"AttachStderr":false,"ExposedPorts":{"4444/tcp":{},"5900/tcp":{}},"Tty":false,"OpenStdin":false,"StdinOnce":false,"Env":["TZ=Etc/UTC","LANGUAGE=EN","SCREEN_RESOLUTION=1280x1080x24","ENABLE_VNC=true","DRIVER_ARGS=--whitelisted-ips= --allowed-origins=*","PATH=/usr/local/sbin:/usr/local/bin:/usr/sbin:/usr/bin:/sbin:/bin","DBUS_SESSION_BUS_ADDRESS=/dev/null"],"Cmd":null,"Image":"selenoid/vnc:chrome_128.0","Volumes":null,"WorkingDir":"","Entrypoint":["/entrypoint.sh"],"OnBuild":null,"Labels":{"browser":"google-chrome-stable:128.0.6613.137-1","driver":"chromedriver:128.0.6613.18","org.opencontainers.image.ref.name":"ubuntu","org.opencontainers.image.version":"22.04"}},"NetworkSettings":{"Bridge":"","SandboxID":"0c4e286c781bfca8fc7c8a7ce5103559953ef6a14a5e690670cb19e87df9d336","SandboxKey":"/var/run/docker/netns/0c4e286c781b","Ports":{"4444/tcp":[{"HostIp":"0.0.0.0","HostPort":"32780"},{"HostIp":"::","HostPort":"32780"}],"5900/tcp":[{"HostIp":"0.0.0.0","HostPort":"32781"},{"HostIp":"::","HostPort":"32781"}]},"HairpinMode":false,"LinkLocalIPv6Address":"","LinkLocalIPv6PrefixLen":0,"SecondaryIPAddresses":null,"SecondaryIPv6Addresses":null,"EndpointID":"b62a5bd5894f305904f0816e5f1bd085f907a16490e331f656fb6a60e22dc39f","Gateway":"172.17.0.1","GlobalIPv6Address":"","GlobalIPv6PrefixLen":0,"IPAddress":"172.17.0.2","IPPrefixLen":16,"IPv6Gateway":"","MacAddress":"02:42:ac:11:00:02","Networks":{"bridge":{"IPAMConfig":null,"Links":null,"Aliases":null,"MacAddress":"02:42:ac:11:00:02","DriverOpts":null,"NetworkID":"96f38a2fdc97eb3b9de1157c824a107c9c981b090d61c5577d7084a646f79c3c","EndpointID":"b62a5bd5894f305904f0816e5f1bd085f907a16490e331f656fb6a60e22dc39f","Gateway":"172.17.0.1","IPAddress":"172.17.0.2","IPPrefixLen":16,"IPv6Gateway":"","GlobalIPv6Address":"","GlobalIPv6PrefixLen":0,"DNSNames":null}}}}[\n]"
13:20:36.097 [main] DEBUG org.apache.hc.client5.http.wire -- http-outgoing-0 << "[\r][\n]"
13:20:36.097 [main] DEBUG org.apache.hc.client5.http.wire -- http-outgoing-0 << "0[\r][\n]"
13:20:36.097 [main] DEBUG org.apache.hc.client5.http.wire -- http-outgoing-0 << "[\r][\n]"
13:20:36.097 [main] DEBUG org.apache.hc.client5.http.impl.classic.InternalHttpClient -- ep-0000000005 releasing valid endpoint
13:20:36.097 [main] DEBUG org.apache.hc.client5.http.impl.io.PoolingHttpClientConnectionManager -- ep-0000000005 releasing endpoint
13:20:36.097 [main] DEBUG org.apache.hc.client5.http.impl.io.PoolingHttpClientConnectionManager -- ep-0000000005 connection http-outgoing-0 can be kept alive for 3 MINUTES
13:20:36.097 [main] DEBUG org.apache.hc.client5.http.impl.io.PoolingHttpClientConnectionManager -- ep-0000000005 connection released [route: {}->unix://localhost:2375][total available: 1; route allocated: 1 of 2147483647; total allocated: 1 of 2147483647]
13:20:36.098 [main] DEBUG com.github.dockerjava.core.command.AbstrDockerCmd -- Cmd: c869f8b053e1796df3b51c3e9fdab51f7d7791f5b103a9303c66de628b4e7d71,false
13:20:36.098 [main] DEBUG com.github.dockerjava.core.exec.InspectContainerCmdExec -- GET: DefaultWebTarget{path=[/containers/c869f8b053e1796df3b51c3e9fdab51f7d7791f5b103a9303c66de628b4e7d71/json], queryParams={}}
13:20:36.098 [main] DEBUG org.apache.hc.client5.http.impl.classic.InternalHttpClient -- ex-0000000006 preparing request execution
13:20:36.098 [main] DEBUG org.apache.hc.client5.http.impl.classic.ProtocolExec -- ex-0000000006 target auth state: UNCHALLENGED
13:20:36.099 [main] DEBUG org.apache.hc.client5.http.impl.classic.ProtocolExec -- ex-0000000006 proxy auth state: UNCHALLENGED
13:20:36.099 [main] DEBUG org.apache.hc.client5.http.impl.classic.ConnectExec -- ex-0000000006 acquiring connection with route {}->unix://localhost:2375
13:20:36.099 [main] DEBUG org.apache.hc.client5.http.impl.classic.InternalHttpClient -- ex-0000000006 acquiring endpoint (3 MINUTES)
13:20:36.099 [main] DEBUG org.apache.hc.client5.http.impl.io.PoolingHttpClientConnectionManager -- ex-0000000006 endpoint lease request (3 MINUTES) [route: {}->unix://localhost:2375][total available: 1; route allocated: 1 of 2147483647; total allocated: 1 of 2147483647]
13:20:36.099 [main] DEBUG org.apache.hc.client5.http.impl.io.PoolingHttpClientConnectionManager -- ex-0000000006 endpoint leased [route: {}->unix://localhost:2375][total available: 0; route allocated: 1 of 2147483647; total allocated: 1 of 2147483647]
13:20:36.099 [main] DEBUG org.apache.hc.client5.http.impl.io.PoolingHttpClientConnectionManager -- ex-0000000006 acquired ep-0000000006
13:20:36.099 [main] DEBUG org.apache.hc.client5.http.impl.classic.InternalHttpClient -- ex-0000000006 acquired endpoint ep-0000000006
13:20:36.099 [main] DEBUG org.apache.hc.client5.http.impl.classic.MainClientExec -- ex-0000000006 executing GET /containers/c869f8b053e1796df3b51c3e9fdab51f7d7791f5b103a9303c66de628b4e7d71/json HTTP/1.1
13:20:36.099 [main] DEBUG org.apache.hc.client5.http.protocol.RequestAddCookies -- ex-0000000006 Cookie spec selected: strict
13:20:36.099 [main] DEBUG org.apache.hc.client5.http.impl.classic.InternalHttpClient -- ep-0000000006 start execution ex-0000000006
13:20:36.099 [main] DEBUG org.apache.hc.client5.http.impl.io.PoolingHttpClientConnectionManager -- ep-0000000006 executing exchange ex-0000000006 over http-outgoing-0
13:20:36.099 [main] DEBUG org.apache.hc.client5.http.headers -- http-outgoing-0 >> GET /containers/c869f8b053e1796df3b51c3e9fdab51f7d7791f5b103a9303c66de628b4e7d71/json HTTP/1.1
13:20:36.099 [main] DEBUG org.apache.hc.client5.http.headers -- http-outgoing-0 >> accept: application/json
13:20:36.099 [main] DEBUG org.apache.hc.client5.http.headers -- http-outgoing-0 >> Accept-Encoding: gzip, x-gzip, deflate, br
13:20:36.099 [main] DEBUG org.apache.hc.client5.http.headers -- http-outgoing-0 >> Host: localhost:2375
13:20:36.099 [main] DEBUG org.apache.hc.client5.http.headers -- http-outgoing-0 >> Connection: keep-alive
13:20:36.099 [main] DEBUG org.apache.hc.client5.http.headers -- http-outgoing-0 >> User-Agent: Apache-HttpClient/5.2.1 (Java/21.0.6)
13:20:36.099 [main] DEBUG org.apache.hc.client5.http.wire -- http-outgoing-0 >> "GET /containers/c869f8b053e1796df3b51c3e9fdab51f7d7791f5b103a9303c66de628b4e7d71/json HTTP/1.1[\r][\n]"
13:20:36.099 [main] DEBUG org.apache.hc.client5.http.wire -- http-outgoing-0 >> "accept: application/json[\r][\n]"
13:20:36.099 [main] DEBUG org.apache.hc.client5.http.wire -- http-outgoing-0 >> "Accept-Encoding: gzip, x-gzip, deflate, br[\r][\n]"
13:20:36.099 [main] DEBUG org.apache.hc.client5.http.wire -- http-outgoing-0 >> "Host: localhost:2375[\r][\n]"
13:20:36.099 [main] DEBUG org.apache.hc.client5.http.wire -- http-outgoing-0 >> "Connection: keep-alive[\r][\n]"
13:20:36.099 [main] DEBUG org.apache.hc.client5.http.wire -- http-outgoing-0 >> "User-Agent: Apache-HttpClient/5.2.1 (Java/21.0.6)[\r][\n]"
13:20:36.100 [main] DEBUG org.apache.hc.client5.http.wire -- http-outgoing-0 >> "[\r][\n]"
13:20:36.100 [main] DEBUG org.apache.hc.client5.http.wire -- http-outgoing-0 << "HTTP/1.1 200 OK[\r][\n]"
13:20:36.100 [main] DEBUG org.apache.hc.client5.http.wire -- http-outgoing-0 << "Api-Version: 1.47[\r][\n]"
13:20:36.100 [main] DEBUG org.apache.hc.client5.http.wire -- http-outgoing-0 << "Content-Type: application/json[\r][\n]"
13:20:36.100 [main] DEBUG org.apache.hc.client5.http.wire -- http-outgoing-0 << "Docker-Experimental: false[\r][\n]"
13:20:36.100 [main] DEBUG org.apache.hc.client5.http.wire -- http-outgoing-0 << "Ostype: linux[\r][\n]"
13:20:36.100 [main] DEBUG org.apache.hc.client5.http.wire -- http-outgoing-0 << "Server: Docker/27.3.1 (linux)[\r][\n]"
13:20:36.100 [main] DEBUG org.apache.hc.client5.http.wire -- http-outgoing-0 << "Date: Thu, 13 Mar 2025 13:20:36 GMT[\r][\n]"
13:20:36.101 [main] DEBUG org.apache.hc.client5.http.wire -- http-outgoing-0 << "Transfer-Encoding: chunked[\r][\n]"
13:20:36.101 [main] DEBUG org.apache.hc.client5.http.wire -- http-outgoing-0 << "[\r][\n]"
13:20:36.101 [main] DEBUG org.apache.hc.client5.http.wire -- http-outgoing-0 << "199f[\r][\n]"
13:20:36.101 [main] DEBUG org.apache.hc.client5.http.wire -- http-outgoing-0 << "{"Id":"c869f8b053e1796df3b51c3e9fdab51f7d7791f5b103a9303c66de628b4e7d71","Created":"2025-03-13T13:20:35.68345276Z","Path":"/entrypoint.sh","Args":[],"State":{"Status":"running","Running":true,"Paused":false,"Restarting":false,"OOMKilled":false,"Dead":false,"Pid":25122,"ExitCode":0,"Error":"","StartedAt":"2025-03-13T13:20:35.845810361Z","FinishedAt":"0001-01-01T00:00:00Z"},"Image":"sha256:61bc6407fa25373220de1725993cdff5006dff500e775353aa5dd1f328c9c9d1","ResolvConfPath":"/var/lib/docker/containers/c869f8b053e1796df3b51c3e9fdab51f7d7791f5b103a9303c66de628b4e7d71/resolv.conf","HostnamePath":"/var/lib/docker/containers/c869f8b053e1796df3b51c3e9fdab51f7d7791f5b103a9303c66de628b4e7d71/hostname","HostsPath":"/var/lib/docker/containers/c869f8b053e1796df3b51c3e9fdab51f7d7791f5b103a9303c66de628b4e7d71/hosts","LogPath":"/var/lib/docker/containers/c869f8b053e1796df3b51c3e9fdab51f7d7791f5b103a9303c66de628b4e7d71/c869f8b053e1796df3b51c3e9fdab51f7d7791f5b103a9303c66de628b4e7d71-json.log","Name":"/competent_hypatia","RestartCount":0,"Driver":"overlay2","Platform":"linux","MountLabel":"","ProcessLabel":"","AppArmorProfile":"docker-default","ExecIDs":null,"HostConfig":{"Binds":[],"ContainerIDFile":"","LogConfig":{"Type":"json-file","Config":{}},"NetworkMode":"bridge","PortBindings":{"4444/tcp":[{"HostIp":"","HostPort":""}],"5900/tcp":[{"HostIp":"","HostPort":""}]},"RestartPolicy":{"Name":"no","MaximumRetryCount":0},"AutoRemove":false,"VolumeDriver":"","VolumesFrom":null,"ConsoleSize":[0,0],"CapAdd":["SYS_ADMIN"],"CapDrop":null,"CgroupnsMode":"private","Dns":null,"DnsOptions":null,"DnsSearch":null,"ExtraHosts":[],"GroupAdd":null,"IpcMode":"private","Cgroup":"","Links":null,"OomScoreAdj":0,"PidMode":"","Privileged":false,"PublishAllPorts":true,"ReadonlyRootfs":false,"SecurityOpt":null,"UTSMode":"","UsernsMode":"","ShmSize":268435456,"Runtime":"runc","Isolation":"","CpuShares":0,"Memory":0,"NanoCpus":0,"CgroupParent":"","BlkioWeight":0,"BlkioWeightDevice":null,"BlkioDeviceReadBps":null,"BlkioDeviceWriteBps":null,"BlkioDeviceReadIOps":null,"BlkioDeviceWriteIOps":null,"CpuPeriod":0,"CpuQuota":0,"CpuRealtimePeriod":0,"CpuRealtimeRuntime":0,"CpusetCpus":"","CpusetMems":"","Devices":null,"DeviceCgroupRules":null,"DeviceRequests":null,"MemoryReservation":0,"MemorySwap":0,"MemorySwappiness":null,"OomKillDisable":null,"PidsLimit":null,"Ulimits":null,"CpuCount":0,"CpuPercent":0,"IOMaximumIOps":0,"IOMaximumBandwidth":0,"Mounts":[{"Type":"tmpfs","Target":"/tmp","TmpfsOptions":{"SizeBytes":134217728}}],"MaskedPaths":["/proc/asound","/proc/acpi","/proc/kcore","/proc/keys","/proc/latency_stats","/proc/timer_list","/proc/timer_stats","/proc/sched_debug","/proc/scsi","/sys/firmware","/sys/devices/virtual/powercap"],"ReadonlyPaths":["/proc/bus","/proc/fs","/proc/irq","/proc/sys","/proc/sysrq-trigger"]},"GraphDriver":{"Data":{"LowerDir":"/var/lib/docker/overlay2/adc97146bb0760afce41ac3ac1eb71bf63560d8383a68cb8bebede32ede056a4-init/diff:/var/lib/docker/overlay2/d1fb35a8153f0b884fcb398c56cb5351efc7744dca9cb503863cead81d01cd49/diff:/var/lib/docker/overlay2/a1cccdfc9c9ed9685fac3beff86755062c81042cb57084e23eee3d00b6fc35ee/diff:/var/lib/docker/overlay2/325c4976d02b18c43bbf825b66dfee0ce5c6411835d6e5fead5104befae2fa06/diff:/var/lib/docker/overlay2/86c18498071d4379b8d19dbd614bfa402ea5982f352756e430651d478f2b8abd/diff:/var/lib/docker/overlay2/4807c62d54a38107e8eac199601b40b9610c29585524368ad38621b7bbde1916/diff:/var/lib/docker/overlay2/99c705db9af25af80ff33c73d96c334288a6d38f9189e9805dcb401ba9bffcce/diff:/var/lib/docker/overlay2/7b93997d0173bf586c76910c651746cc2e1d79393bdb0c14e15bbd0e0911e319/diff:/var/lib/docker/overlay2/268efc65c32787c4d691070e3e4db8a8e49e2c063eb063c5781caa26f6bf9f4b/diff:/var/lib/docker/overlay2/1d4bec265fe6927b9503d70baf324d64c0866f98cbb0e91e2b31aafd9d4925d1/diff:/var/lib/docker/overlay2/e7b85502f2df2ba9c4c52e922fde19f3dc802df338afc992be"
13:20:36.101 [main] DEBUG org.apache.hc.client5.http.headers -- http-outgoing-0 << HTTP/1.1 200 OK
13:20:36.101 [main] DEBUG org.apache.hc.client5.http.headers -- http-outgoing-0 << Api-Version: 1.47
13:20:36.101 [main] DEBUG org.apache.hc.client5.http.headers -- http-outgoing-0 << Content-Type: application/json
13:20:36.101 [main] DEBUG org.apache.hc.client5.http.headers -- http-outgoing-0 << Docker-Experimental: false
13:20:36.101 [main] DEBUG org.apache.hc.client5.http.headers -- http-outgoing-0 << Ostype: linux
13:20:36.101 [main] DEBUG org.apache.hc.client5.http.headers -- http-outgoing-0 << Server: Docker/27.3.1 (linux)
13:20:36.101 [main] DEBUG org.apache.hc.client5.http.headers -- http-outgoing-0 << Date: Thu, 13 Mar 2025 13:20:36 GMT
13:20:36.101 [main] DEBUG org.apache.hc.client5.http.headers -- http-outgoing-0 << Transfer-Encoding: chunked
13:20:36.101 [main] DEBUG org.apache.hc.client5.http.impl.classic.MainClientExec -- ex-0000000006 connection can be kept alive for 3 MINUTES
13:20:36.102 [main] DEBUG org.apache.hc.client5.http.wire -- http-outgoing-0 << "49ff4095473260/diff:/var/lib/docker/overlay2/014359fce9c05989850c9b066ed67350b1d35f2535a1e5485258c7f5b5e59ed0/diff:/var/lib/docker/overlay2/36d5520a18a2d6df04fc7c7645f1b453d4fc80cf33406a7e764650a8172394d0/diff:/var/lib/docker/overlay2/c26ee4d3320937d6fb1c4d9131b83db84bcbe00c61008b5d16a799d08c969d67/diff","MergedDir":"/var/lib/docker/overlay2/adc97146bb0760afce41ac3ac1eb71bf63560d8383a68cb8bebede32ede056a4/merged","UpperDir":"/var/lib/docker/overlay2/adc97146bb0760afce41ac3ac1eb71bf63560d8383a68cb8bebede32ede056a4/diff","WorkDir":"/var/lib/docker/overlay2/adc97146bb0760afce41ac3ac1eb71bf63560d8383a68cb8bebede32ede056a4/work"},"Name":"overlay2"},"Mounts":[{"Type":"tmpfs","Source":"","Destination":"/tmp","Mode":"","RW":true,"Propagation":""}],"Config":{"Hostname":"c869f8b053e1","Domainname":"","User":"selenium","AttachStdin":false,"AttachStdout":false,"AttachStderr":false,"ExposedPorts":{"4444/tcp":{},"5900/tcp":{}},"Tty":false,"OpenStdin":false,"StdinOnce":false,"Env":["TZ=Etc/UTC","LANGUAGE=EN","SCREEN_RESOLUTION=1280x1080x24","ENABLE_VNC=true","DRIVER_ARGS=--whitelisted-ips= --allowed-origins=*","PATH=/usr/local/sbin:/usr/local/bin:/usr/sbin:/usr/bin:/sbin:/bin","DBUS_SESSION_BUS_ADDRESS=/dev/null"],"Cmd":null,"Image":"selenoid/vnc:chrome_128.0","Volumes":null,"WorkingDir":"","Entrypoint":["/entrypoint.sh"],"OnBuild":null,"Labels":{"browser":"google-chrome-stable:128.0.6613.137-1","driver":"chromedriver:128.0.6613.18","org.opencontainers.image.ref.name":"ubuntu","org.opencontainers.image.version":"22.04"}},"NetworkSettings":{"Bridge":"","SandboxID":"0c4e286c781bfca8fc7c8a7ce5103559953ef6a14a5e690670cb19e87df9d336","SandboxKey":"/var/run/docker/netns/0c4e286c781b","Ports":{"4444/tcp":[{"HostIp":"0.0.0.0","HostPort":"32780"},{"HostIp":"::","HostPort":"32780"}],"5900/tcp":[{"HostIp":"0.0.0.0","HostPort":"32781"},{"HostIp":"::","HostPort":"32781"}]},"HairpinMode":false,"LinkLocalIPv6Address":"","LinkLocalIPv6PrefixLen":0,"SecondaryIPAddresses":null,"SecondaryIPv6Addresses":null,"EndpointID":"b62a5bd5894f305904f0816e5f1bd085f907a16490e331f656fb6a60e22dc39f","Gateway":"172.17.0.1","GlobalIPv6Address":"","GlobalIPv6PrefixLen":0,"IPAddress":"172.17.0.2","IPPrefixLen":16,"IPv6Gateway":"","MacAddress":"02:42:ac:11:00:02","Networks":{"bridge":{"IPAMConfig":null,"Links":null,"Aliases":null,"MacAddress":"02:42:ac:11:00:02","DriverOpts":null,"NetworkID":"96f38a2fdc97eb3b9de1157c824a107c9c981b090d61c5577d7084a646f79c3c","EndpointID":"b62a5bd5894f305904f0816e5f1bd085f907a16490e331f656fb6a60e22dc39f","Gateway":"172.17.0.1","IPAddress":"172.17.0.2","IPPrefixLen":16,"IPv6Gateway":"","GlobalIPv6Address":"","GlobalIPv6PrefixLen":0,"DNSNames":null}}}}[\n]"
13:20:36.105 [main] DEBUG org.apache.hc.client5.http.wire -- http-outgoing-0 << "[\r][\n]"
13:20:36.105 [main] DEBUG org.apache.hc.client5.http.wire -- http-outgoing-0 << "0[\r][\n]"
13:20:36.105 [main] DEBUG org.apache.hc.client5.http.wire -- http-outgoing-0 << "[\r][\n]"
13:20:36.105 [main] DEBUG org.apache.hc.client5.http.impl.classic.InternalHttpClient -- ep-0000000006 releasing valid endpoint
13:20:36.105 [main] DEBUG org.apache.hc.client5.http.impl.io.PoolingHttpClientConnectionManager -- ep-0000000006 releasing endpoint
13:20:36.105 [main] DEBUG org.apache.hc.client5.http.impl.io.PoolingHttpClientConnectionManager -- ep-0000000006 connection http-outgoing-0 can be kept alive for 3 MINUTES
13:20:36.105 [main] DEBUG org.apache.hc.client5.http.impl.io.PoolingHttpClientConnectionManager -- ep-0000000006 connection released [route: {}->unix://localhost:2375][total available: 1; route allocated: 1 of 2147483647; total allocated: 1 of 2147483647]
13:20:36.106 [main] DEBUG io.github.bonigarcia.wdm.docker.DockerService -- VNC server URL: vnc://localhost:32781/
13:20:36.109 [main] DEBUG io.github.bonigarcia.wdm.webdriver.WebDriverCreator -- Creating WebDriver object for chrome at http://localhost:32780/ with Capabilities {browserName: chrome, goog:chromeOptions: {args: [--disable-gpu], extensions: []}}
13:20:37.520 [main] DEBUG io.github.bonigarcia.wdm.webdriver.WebDriverCreator -- The sessionId is 4956aea1da298e135dd2c29788d85d15
13:20:37.521 [main] DEBUG io.github.bonigarcia.wdm.cache.ResolutionCache -- Resolution novnc-container=1.1.0 in cache (valid until 14:08:48 13/03/2025 WET)
13:20:37.522 [main] INFO io.github.bonigarcia.wdm.docker.DockerService -- Starting Docker container bonigarcia/novnc:1.1.0
13:20:37.522 [main] DEBUG com.github.dockerjava.core.command.AbstrDockerCmd -- Cmd: com.github.dockerjava.core.command.CreateContainerCmdImpl@539a138b[aliases=<null>,argsEscaped=<null>,attachStderr=<null>,attachStdin=<null>,attachStdout=<null>,authConfig=<null>,cmd=<null>,domainName=<null>,entrypoint=<null>,env={AUTOCONNECT=true,VIEW_ONLY=false,VNC_PASSWORD=selenoid,VNC_SERVER=172.17.0.2:5900},exposedPorts=ExposedPorts(exposedPorts=[6080/tcp]),healthcheck=<null>,hostConfig=HostConfig(binds=[], blkioWeight=null, blkioWeightDevice=null, blkioDeviceReadBps=null, blkioDeviceWriteBps=null, blkioDeviceReadIOps=null, blkioDeviceWriteIOps=null, memorySwappiness=null, nanoCPUs=null, capAdd=null, capDrop=null, containerIDFile=null, cpuPeriod=null, cpuRealtimePeriod=null, cpuRealtimeRuntime=null, cpuShares=null, cpuQuota=null, cpusetCpus=null, cpusetMems=null, devices=null, deviceCgroupRules=null, deviceRequests=null, diskQuota=null, dns=null, dnsOptions=null, dnsSearch=null, extraHosts=[], groupAdd=null, ipcMode=null, cgroup=null, links=[], logConfig=LogConfig(type=null, config=null), lxcConf=null, memory=null, memorySwap=null, memoryReservation=null, kernelMemory=null, networkMode=bridge, oomKillDisable=null, init=null, autoRemove=null, oomScoreAdj=null, portBindings={6080/tcp=[Lcom.github.dockerjava.api.model.Ports$Binding;@33a55bd8}, privileged=null, publishAllPorts=true, readonlyRootfs=null, restartPolicy=null, ulimits=null, cpuCount=null, cpuPercent=null, ioMaximumIOps=null, ioMaximumBandwidth=null, volumesFrom=null, mounts=null, pidMode=null, isolation=null, securityOpts=null, storageOpt=null, cgroupParent=null, volumeDriver=null, shmSize=null, pidsLimit=null, runtime=null, tmpFs=null, utSMode=null, usernsMode=null, sysctls=null, consoleSize=null, cgroupnsMode=null),hostName=<null>,image=bonigarcia/novnc:1.1.0,ipv4Address=<null>,ipv6Address=<null>,labels=<null>,macAddress=<null>,name=<null>,networkDisabled=<null>,networkingConfig=<null>,onBuild=<null>,platform=<null>,portSpecs=<null>,shell=<null>,stdInOnce=<null>,stdinOpen=<null>,stopSignal=<null>,stopTimeout=<null>,tty=<null>,user=<null>,volumes=Volumes(volumes=[]),workingDir=<null>]
13:20:37.524 [main] DEBUG org.apache.hc.client5.http.impl.classic.InternalHttpClient -- ex-0000000007 preparing request execution
13:20:37.525 [main] DEBUG org.apache.hc.client5.http.impl.classic.ProtocolExec -- ex-0000000007 target auth state: UNCHALLENGED
13:20:37.525 [main] DEBUG org.apache.hc.client5.http.impl.classic.ProtocolExec -- ex-0000000007 proxy auth state: UNCHALLENGED
13:20:37.525 [main] DEBUG org.apache.hc.client5.http.impl.classic.ConnectExec -- ex-0000000007 acquiring connection with route {}->unix://localhost:2375
13:20:37.525 [main] DEBUG org.apache.hc.client5.http.impl.classic.InternalHttpClient -- ex-0000000007 acquiring endpoint (3 MINUTES)
13:20:37.525 [main] DEBUG org.apache.hc.client5.http.impl.io.PoolingHttpClientConnectionManager -- ex-0000000007 endpoint lease request (3 MINUTES) [route: {}->unix://localhost:2375][total available: 1; route allocated: 1 of 2147483647; total allocated: 1 of 2147483647]
[...]
13:20:41.267 [main] DEBUG org.apache.hc.client5.http.headers -- http-outgoing-0 << Date: Thu, 13 Mar 2025 13:20:41 GMT
13:20:41.267 [main] DEBUG org.apache.hc.client5.http.impl.classic.MainClientExec -- ex-0000000010 connection can be kept alive for 3 MINUTES
13:20:41.267 [main] DEBUG org.apache.hc.client5.http.impl.classic.InternalHttpClient -- ep-0000000010 releasing valid endpoint
13:20:41.267 [main] DEBUG org.apache.hc.client5.http.impl.io.PoolingHttpClientConnectionManager -- ep-0000000010 releasing endpoint
13:20:41.267 [main] DEBUG org.apache.hc.client5.http.impl.io.PoolingHttpClientConnectionManager -- ep-0000000010 connection http-outgoing-0 can be kept alive for 3 MINUTES
13:20:41.268 [main] DEBUG org.apache.hc.client5.http.impl.io.PoolingHttpClientConnectionManager -- ep-0000000010 connection released [route: {}->unix://localhost:2375][total available: 1; route allocated: 1 of 2147483647; total allocated: 1 of 2147483647]
13:20:41.269 [main] DEBUG com.github.dockerjava.core.command.AbstrDockerCmd -- Cmd: c869f8b053e1796df3b51c3e9fdab51f7d7791f5b103a9303c66de628b4e7d71,<null>,<null>
13:20:41.270 [main] DEBUG org.apache.hc.client5.http.impl.classic.InternalHttpClient -- ex-0000000011 preparing request execution
13:20:41.270 [main] DEBUG org.apache.hc.client5.http.impl.classic.ProtocolExec -- ex-0000000011 target auth state: UNCHALLENGED
13:20:41.270 [main] DEBUG org.apache.hc.client5.http.impl.classic.ProtocolExec -- ex-0000000011 proxy auth state: UNCHALLENGED
13:20:41.270 [main] DEBUG org.apache.hc.client5.http.impl.classic.ConnectExec -- ex-0000000011 acquiring connection with route {}->unix://localhost:2375
13:20:41.270 [main] DEBUG org.apache.hc.client5.http.impl.classic.InternalHttpClient -- ex-0000000011 acquiring endpoint (3 MINUTES)
13:20:41.270 [main] DEBUG org.apache.hc.client5.http.impl.io.PoolingHttpClientConnectionManager -- ex-0000000011 endpoint lease request (3 MINUTES) [route: {}->unix://localhost:2375][total available: 1; route allocated: 1 of 2147483647; total allocated: 1 of 2147483647]
13:20:41.270 [main] DEBUG org.apache.hc.client5.http.impl.io.PoolingHttpClientConnectionManager -- ex-0000000011 endpoint leased [route: {}->unix://localhost:2375][total available: 0; route allocated: 1 of 2147483647; total allocated: 1 of 2147483647]
13:20:41.270 [main] DEBUG org.apache.hc.client5.http.impl.io.PoolingHttpClientConnectionManager -- ex-0000000011 acquired ep-0000000011
13:20:41.270 [main] DEBUG org.apache.hc.client5.http.impl.classic.InternalHttpClient -- ex-0000000011 acquired endpoint ep-0000000011
13:20:41.270 [main] DEBUG org.apache.hc.client5.http.impl.classic.MainClientExec -- ex-0000000011 executing DELETE /containers/c869f8b053e1796df3b51c3e9fdab51f7d7791f5b103a9303c66de628b4e7d71 HTTP/1.1
13:20:41.270 [main] DEBUG org.apache.hc.client5.http.protocol.RequestAddCookies -- ex-0000000011 Cookie spec selected: strict
13:20:41.270 [main] DEBUG org.apache.hc.client5.http.impl.classic.InternalHttpClient -- ep-0000000011 start execution ex-0000000011
13:20:41.270 [main] DEBUG org.apache.hc.client5.http.impl.io.PoolingHttpClientConnectionManager -- ep-0000000011 executing exchange ex-0000000011 over http-outgoing-0
13:20:41.270 [main] DEBUG org.apache.hc.client5.http.headers -- http-outgoing-0 >> DELETE /containers/c869f8b053e1796df3b51c3e9fdab51f7d7791f5b103a9303c66de628b4e7d71 HTTP/1.1
13:20:41.270 [main] DEBUG org.apache.hc.client5.http.headers -- http-outgoing-0 >> accept: application/json
13:20:41.270 [main] DEBUG org.apache.hc.client5.http.headers -- http-outgoing-0 >> Accept-Encoding: gzip, x-gzip, deflate, br
13:20:41.270 [main] DEBUG org.apache.hc.client5.http.headers -- http-outgoing-0 >> Host: localhost:2375
13:20:41.270 [main] DEBUG org.apache.hc.client5.http.headers -- http-outgoing-0 >> Connection: keep-alive
13:20:41.270 [main] DEBUG org.apache.hc.client5.http.headers -- http-outgoing-0 >> User-Agent: Apache-HttpClient/5.2.1 (Java/21.0.6)
13:20:41.270 [main] DEBUG org.apache.hc.client5.http.wire -- http-outgoing-0 >> "DELETE /containers/c869f8b053e1796df3b51c3e9fdab51f7d7791f5b103a9303c66de628b4e7d71 HTTP/1.1[\r][\n]"
13:20:41.270 [main] DEBUG org.apache.hc.client5.http.wire -- http-outgoing-0 >> "accept: application/json[\r][\n]"
13:20:41.270 [main] DEBUG org.apache.hc.client5.http.wire -- http-outgoing-0 >> "Accept-Encoding: gzip, x-gzip, deflate, br[\r][\n]"
13:20:41.270 [main] DEBUG org.apache.hc.client5.http.wire -- http-outgoing-0 >> "Host: localhost:2375[\r][\n]"
13:20:41.270 [main] DEBUG org.apache.hc.client5.http.wire -- http-outgoing-0 >> "Connection: keep-alive[\r][\n]"
13:20:41.270 [main] DEBUG org.apache.hc.client5.http.wire -- http-outgoing-0 >> "User-Agent: Apache-HttpClient/5.2.1 (Java/21.0.6)[\r][\n]"
13:20:41.270 [main] DEBUG org.apache.hc.client5.http.wire -- http-outgoing-0 >> "[\r][\n]"
13:20:41.277 [main] DEBUG org.apache.hc.client5.http.wire -- http-outgoing-0 << "HTTP/1.1 204 No Content[\r][\n]"
13:20:41.277 [main] DEBUG org.apache.hc.client5.http.wire -- http-outgoing-0 << "Api-Version: 1.47[\r][\n]"
13:20:41.277 [main] DEBUG org.apache.hc.client5.http.wire -- http-outgoing-0 << "Docker-Experimental: false[\r][\n]"
13:20:41.277 [main] DEBUG org.apache.hc.client5.http.wire -- http-outgoing-0 << "Ostype: linux[\r][\n]"
13:20:41.277 [main] DEBUG org.apache.hc.client5.http.wire -- http-outgoing-0 << "Server: Docker/27.3.1 (linux)[\r][\n]"
13:20:41.277 [main] DEBUG org.apache.hc.client5.http.wire -- http-outgoing-0 << "Date: Thu, 13 Mar 2025 13:20:41 GMT[\r][\n]"
13:20:41.277 [main] DEBUG org.apache.hc.client5.http.wire -- http-outgoing-0 << "[\r][\n]"
13:20:41.277 [main] DEBUG org.apache.hc.client5.http.headers -- http-outgoing-0 << HTTP/1.1 204 No Content
13:20:41.277 [main] DEBUG org.apache.hc.client5.http.headers -- http-outgoing-0 << Api-Version: 1.47
13:20:41.277 [main] DEBUG org.apache.hc.client5.http.headers -- http-outgoing-0 << Docker-Experimental: false
13:20:41.277 [main] DEBUG org.apache.hc.client5.http.headers -- http-outgoing-0 << Ostype: linux
13:20:41.277 [main] DEBUG org.apache.hc.client5.http.headers -- http-outgoing-0 << Server: Docker/27.3.1 (linux)
13:20:41.277 [main] DEBUG org.apache.hc.client5.http.headers -- http-outgoing-0 << Date: Thu, 13 Mar 2025 13:20:41 GMT
13:20:41.278 [main] DEBUG org.apache.hc.client5.http.impl.classic.MainClientExec -- ex-0000000011 connection can be kept alive for 3 MINUTES
13:20:41.278 [main] DEBUG org.apache.hc.client5.http.impl.classic.InternalHttpClient -- ep-0000000011 releasing valid endpoint
13:20:41.278 [main] DEBUG org.apache.hc.client5.http.impl.io.PoolingHttpClientConnectionManager -- ep-0000000011 releasing endpoint
13:20:41.278 [main] DEBUG org.apache.hc.client5.http.impl.io.PoolingHttpClientConnectionManager -- ep-0000000011 connection http-outgoing-0 can be kept alive for 3 MINUTES
13:20:41.278 [main] DEBUG org.apache.hc.client5.http.impl.io.PoolingHttpClientConnectionManager -- ep-0000000011 connection released [route: {}->unix://localhost:2375][total available: 1; route allocated: 1 of 2147483647; total allocated: 1 of 2147483647]
13:20:41.278 [main] INFO io.github.bonigarcia.wdm.docker.DockerService -- Stopping Docker container bonigarcia/novnc:1.1.0
13:20:41.278 [main] DEBUG com.github.dockerjava.core.command.AbstrDockerCmd -- Cmd: 2b8c0b7fda7ffd38c9aa1e2a2aa5f18f3cbb6e4d95aac9d1045f84a2d9566e64,5
13:20:41.279 [main] DEBUG org.apache.hc.client5.http.impl.classic.InternalHttpClient -- ex-0000000012 preparing request execution
13:20:41.279 [main] DEBUG org.apache.hc.client5.http.impl.classic.ProtocolExec -- ex-0000000012 target auth state: UNCHALLENGED
13:20:41.279 [main] DEBUG org.apache.hc.client5.http.impl.classic.ProtocolExec -- ex-0000000012 proxy auth state: UNCHALLENGED
13:20:41.279 [main] DEBUG org.apache.hc.client5.http.impl.classic.ConnectExec -- ex-0000000012 acquiring connection with route {}->unix://localhost:2375
13:20:41.279 [main] DEBUG org.apache.hc.client5.http.impl.classic.InternalHttpClient -- ex-0000000012 acquiring endpoint (3 MINUTES)
13:20:41.279 [main] DEBUG org.apache.hc.client5.http.impl.io.PoolingHttpClientConnectionManager -- ex-0000000012 endpoint lease request (3 MINUTES) [route: {}->unix://localhost:2375][total available: 1; route allocated: 1 of 2147483647; total allocated: 1 of 2147483647]
13:20:41.279 [main] DEBUG org.apache.hc.client5.http.impl.io.PoolingHttpClientConnectionManager -- ex-0000000012 endpoint leased [route: {}->unix://localhost:2375][total available: 0; route allocated: 1 of 2147483647; total allocated: 1 of 2147483647]
13:20:41.279 [main] DEBUG org.apache.hc.client5.http.impl.io.PoolingHttpClientConnectionManager -- ex-0000000012 acquired ep-0000000012
13:20:41.279 [main] DEBUG org.apache.hc.client5.http.impl.classic.InternalHttpClient -- ex-0000000012 acquired endpoint ep-0000000012
13:20:41.279 [main] DEBUG org.apache.hc.client5.http.impl.classic.MainClientExec -- ex-0000000012 executing POST /containers/2b8c0b7fda7ffd38c9aa1e2a2aa5f18f3cbb6e4d95aac9d1045f84a2d9566e64/stop?t=5 HTTP/1.1
13:20:41.279 [main] DEBUG org.apache.hc.client5.http.protocol.RequestAddCookies -- ex-0000000012 Cookie spec selected: strict
13:20:41.279 [main] DEBUG org.apache.hc.client5.http.impl.classic.InternalHttpClient -- ep-0000000012 start execution ex-0000000012
13:20:41.279 [main] DEBUG org.apache.hc.client5.http.impl.io.PoolingHttpClientConnectionManager -- ep-0000000012 executing exchange ex-0000000012 over http-outgoing-0
13:20:41.279 [main] DEBUG org.apache.hc.client5.http.headers -- http-outgoing-0 >> POST /containers/2b8c0b7fda7ffd38c9aa1e2a2aa5f18f3cbb6e4d95aac9d1045f84a2d9566e64/stop?t=5 HTTP/1.1
13:20:41.279 [main] DEBUG org.apache.hc.client5.http.headers -- http-outgoing-0 >> accept: application/json
13:20:41.279 [main] DEBUG org.apache.hc.client5.http.headers -- http-outgoing-0 >> content-type: application/json
13:20:41.279 [main] DEBUG org.apache.hc.client5.http.headers -- http-outgoing-0 >> Accept-Encoding: gzip, x-gzip, deflate, br
13:20:41.279 [main] DEBUG org.apache.hc.client5.http.headers -- http-outgoing-0 >> Host: localhost:2375
13:20:41.279 [main] DEBUG org.apache.hc.client5.http.headers -- http-outgoing-0 >> Connection: keep-alive
13:20:41.279 [main] DEBUG org.apache.hc.client5.http.headers -- http-outgoing-0 >> User-Agent: Apache-HttpClient/5.2.1 (Java/21.0.6)
13:20:41.280 [main] DEBUG org.apache.hc.client5.http.wire -- http-outgoing-0 >> "POST /containers/2b8c0b7fda7ffd38c9aa1e2a2aa5f18f3cbb6e4d95aac9d1045f84a2d9566e64/stop?t=5 HTTP/1.1[\r][\n]"
13:20:41.280 [main] DEBUG org.apache.hc.client5.http.wire -- http-outgoing-0 >> "accept: application/json[\r][\n]"
13:20:41.280 [main] DEBUG org.apache.hc.client5.http.wire -- http-outgoing-0 >> "content-type: application/json[\r][\n]"
13:20:41.280 [main] DEBUG org.apache.hc.client5.http.wire -- http-outgoing-0 >> "Accept-Encoding: gzip, x-gzip, deflate, br[\r][\n]"
13:20:41.280 [main] DEBUG org.apache.hc.client5.http.wire -- http-outgoing-0 >> "Host: localhost:2375[\r][\n]"
13:20:41.280 [main] DEBUG org.apache.hc.client5.http.wire -- http-outgoing-0 >> "Connection: keep-alive[\r][\n]"
13:20:41.280 [main] DEBUG org.apache.hc.client5.http.wire -- http-outgoing-0 >> "User-Agent: Apache-HttpClient/5.2.1 (Java/21.0.6)[\r][\n]"
13:20:41.280 [main] DEBUG org.apache.hc.client5.http.wire -- http-outgoing-0 >> "[\r][\n]"
13:20:41.470 [main] DEBUG org.apache.hc.client5.http.wire -- http-outgoing-0 << "HTTP/1.1 204 No Content[\r][\n]"
13:20:41.471 [main] DEBUG org.apache.hc.client5.http.wire -- http-outgoing-0 << "Api-Version: 1.47[\r][\n]"
13:20:41.471 [main] DEBUG org.apache.hc.client5.http.wire -- http-outgoing-0 << "Docker-Experimental: false[\r][\n]"
13:20:41.471 [main] DEBUG org.apache.hc.client5.http.wire -- http-outgoing-0 << "Ostype: linux[\r][\n]"
13:20:41.471 [main] DEBUG org.apache.hc.client5.http.wire -- http-outgoing-0 << "Server: Docker/27.3.1 (linux)[\r][\n]"
13:20:41.471 [main] DEBUG org.apache.hc.client5.http.wire -- http-outgoing-0 << "Date: Thu, 13 Mar 2025 13:20:41 GMT[\r][\n]"
13:20:41.471 [main] DEBUG org.apache.hc.client5.http.wire -- http-outgoing-0 << "[\r][\n]"
13:20:41.471 [main] DEBUG org.apache.hc.client5.http.headers -- http-outgoing-0 << HTTP/1.1 204 No Content
13:20:41.471 [main] DEBUG org.apache.hc.client5.http.headers -- http-outgoing-0 << Api-Version: 1.47
13:20:41.471 [main] DEBUG org.apache.hc.client5.http.headers -- http-outgoing-0 << Docker-Experimental: false
13:20:41.471 [main] DEBUG org.apache.hc.client5.http.headers -- http-outgoing-0 << Ostype: linux
13:20:41.471 [main] DEBUG org.apache.hc.client5.http.headers -- http-outgoing-0 << Server: Docker/27.3.1 (linux)
13:20:41.471 [main] DEBUG org.apache.hc.client5.http.headers -- http-outgoing-0 << Date: Thu, 13 Mar 2025 13:20:41 GMT
13:20:41.471 [main] DEBUG org.apache.hc.client5.http.impl.classic.MainClientExec -- ex-0000000012 connection can be kept alive for 3 MINUTES
13:20:41.471 [main] DEBUG org.apache.hc.client5.http.impl.classic.InternalHttpClient -- ep-0000000012 releasing valid endpoint
13:20:41.471 [main] DEBUG org.apache.hc.client5.http.impl.io.PoolingHttpClientConnectionManager -- ep-0000000012 releasing endpoint
13:20:41.471 [main] DEBUG org.apache.hc.client5.http.impl.io.PoolingHttpClientConnectionManager -- ep-0000000012 connection http-outgoing-0 can be kept alive for 3 MINUTES
13:20:41.471 [main] DEBUG org.apache.hc.client5.http.impl.io.PoolingHttpClientConnectionManager -- ep-0000000012 connection released [route: {}->unix://localhost:2375][total available: 1; route allocated: 1 of 2147483647; total allocated: 1 of 2147483647]
13:20:41.472 [main] DEBUG com.github.dockerjava.core.command.AbstrDockerCmd -- Cmd: 2b8c0b7fda7ffd38c9aa1e2a2aa5f18f3cbb6e4d95aac9d1045f84a2d9566e64,<null>,<null>
13:20:41.472 [main] DEBUG org.apache.hc.client5.http.impl.classic.InternalHttpClient -- ex-0000000013 preparing request execution
13:20:41.473 [main] DEBUG org.apache.hc.client5.http.impl.classic.ProtocolExec -- ex-0000000013 target auth state: UNCHALLENGED
13:20:41.473 [main] DEBUG org.apache.hc.client5.http.impl.classic.ProtocolExec -- ex-0000000013 proxy auth state: UNCHALLENGED
13:20:41.473 [main] DEBUG org.apache.hc.client5.http.impl.classic.ConnectExec -- ex-0000000013 acquiring connection with route {}->unix://localhost:2375
13:20:41.473 [main] DEBUG org.apache.hc.client5.http.impl.classic.InternalHttpClient -- ex-0000000013 acquiring endpoint (3 MINUTES)
13:20:41.473 [main] DEBUG org.apache.hc.client5.http.impl.io.PoolingHttpClientConnectionManager -- ex-0000000013 endpoint lease request (3 MINUTES) [route: {}->unix://localhost:2375][total available: 1; route allocated: 1 of 2147483647; total allocated: 1 of 2147483647]
13:20:41.473 [main] DEBUG org.apache.hc.client5.http.impl.io.PoolingHttpClientConnectionManager -- ex-0000000013 endpoint leased [route: {}->unix://localhost:2375][total available: 0; route allocated: 1 of 2147483647; total allocated: 1 of 2147483647]
13:20:41.473 [main] DEBUG org.apache.hc.client5.http.impl.io.PoolingHttpClientConnectionManager -- ex-0000000013 acquired ep-0000000013
13:20:41.473 [main] DEBUG org.apache.hc.client5.http.impl.classic.InternalHttpClient -- ex-0000000013 acquired endpoint ep-0000000013
13:20:41.473 [main] DEBUG org.apache.hc.client5.http.impl.classic.MainClientExec -- ex-0000000013 executing DELETE /containers/2b8c0b7fda7ffd38c9aa1e2a2aa5f18f3cbb6e4d95aac9d1045f84a2d9566e64 HTTP/1.1
13:20:41.473 [main] DEBUG org.apache.hc.client5.http.protocol.RequestAddCookies -- ex-0000000013 Cookie spec selected: strict
13:20:41.473 [main] DEBUG org.apache.hc.client5.http.impl.classic.InternalHttpClient -- ep-0000000013 start execution ex-0000000013
13:20:41.473 [main] DEBUG org.apache.hc.client5.http.impl.io.PoolingHttpClientConnectionManager -- ep-0000000013 executing exchange ex-0000000013 over http-outgoing-0
13:20:41.473 [main] DEBUG org.apache.hc.client5.http.headers -- http-outgoing-0 >> DELETE /containers/2b8c0b7fda7ffd38c9aa1e2a2aa5f18f3cbb6e4d95aac9d1045f84a2d9566e64 HTTP/1.1
13:20:41.473 [main] DEBUG org.apache.hc.client5.http.headers -- http-outgoing-0 >> accept: application/json
13:20:41.473 [main] DEBUG org.apache.hc.client5.http.headers -- http-outgoing-0 >> Accept-Encoding: gzip, x-gzip, deflate, br
13:20:41.473 [main] DEBUG org.apache.hc.client5.http.headers -- http-outgoing-0 >> Host: localhost:2375
13:20:41.473 [main] DEBUG org.apache.hc.client5.http.headers -- http-outgoing-0 >> Connection: keep-alive
13:20:41.473 [main] DEBUG org.apache.hc.client5.http.headers -- http-outgoing-0 >> User-Agent: Apache-HttpClient/5.2.1 (Java/21.0.6)
13:20:41.473 [main] DEBUG org.apache.hc.client5.http.wire -- http-outgoing-0 >> "DELETE /containers/2b8c0b7fda7ffd38c9aa1e2a2aa5f18f3cbb6e4d95aac9d1045f84a2d9566e64 HTTP/1.1[\r][\n]"
13:20:41.473 [main] DEBUG org.apache.hc.client5.http.wire -- http-outgoing-0 >> "accept: application/json[\r][\n]"
13:20:41.473 [main] DEBUG org.apache.hc.client5.http.wire -- http-outgoing-0 >> "Accept-Encoding: gzip, x-gzip, deflate, br[\r][\n]"
13:20:41.473 [main] DEBUG org.apache.hc.client5.http.wire -- http-outgoing-0 >> "Host: localhost:2375[\r][\n]"
13:20:41.473 [main] DEBUG org.apache.hc.client5.http.wire -- http-outgoing-0 >> "Connection: keep-alive[\r][\n]"
13:20:41.473 [main] DEBUG org.apache.hc.client5.http.wire -- http-outgoing-0 >> "User-Agent: Apache-HttpClient/5.2.1 (Java/21.0.6)[\r][\n]"
13:20:41.473 [main] DEBUG org.apache.hc.client5.http.wire -- http-outgoing-0 >> "[\r][\n]"
13:20:41.479 [main] DEBUG org.apache.hc.client5.http.wire -- http-outgoing-0 << "HTTP/1.1 204 No Content[\r][\n]"
13:20:41.479 [main] DEBUG org.apache.hc.client5.http.wire -- http-outgoing-0 << "Api-Version: 1.47[\r][\n]"
13:20:41.479 [main] DEBUG org.apache.hc.client5.http.wire -- http-outgoing-0 << "Docker-Experimental: false[\r][\n]"
13:20:41.479 [main] DEBUG org.apache.hc.client5.http.wire -- http-outgoing-0 << "Ostype: linux[\r][\n]"
13:20:41.479 [main] DEBUG org.apache.hc.client5.http.wire -- http-outgoing-0 << "Server: Docker/27.3.1 (linux)[\r][\n]"
13:20:41.479 [main] DEBUG org.apache.hc.client5.http.wire -- http-outgoing-0 << "Date: Thu, 13 Mar 2025 13:20:41 GMT[\r][\n]"
13:20:41.479 [main] DEBUG org.apache.hc.client5.http.wire -- http-outgoing-0 << "[\r][\n]"
13:20:41.479 [main] DEBUG org.apache.hc.client5.http.headers -- http-outgoing-0 << HTTP/1.1 204 No Content
13:20:41.480 [main] DEBUG org.apache.hc.client5.http.headers -- http-outgoing-0 << Api-Version: 1.47
13:20:41.480 [main] DEBUG org.apache.hc.client5.http.headers -- http-outgoing-0 << Docker-Experimental: false
13:20:41.480 [main] DEBUG org.apache.hc.client5.http.headers -- http-outgoing-0 << Ostype: linux
13:20:41.480 [main] DEBUG org.apache.hc.client5.http.headers -- http-outgoing-0 << Server: Docker/27.3.1 (linux)
13:20:41.480 [main] DEBUG org.apache.hc.client5.http.headers -- http-outgoing-0 << Date: Thu, 13 Mar 2025 13:20:41 GMT
13:20:41.480 [main] DEBUG org.apache.hc.client5.http.impl.classic.MainClientExec -- ex-0000000013 connection can be kept alive for 3 MINUTES
13:20:41.480 [main] DEBUG org.apache.hc.client5.http.impl.classic.InternalHttpClient -- ep-0000000013 releasing valid endpoint
13:20:41.480 [main] DEBUG org.apache.hc.client5.http.impl.io.PoolingHttpClientConnectionManager -- ep-0000000013 releasing endpoint
13:20:41.480 [main] DEBUG org.apache.hc.client5.http.impl.io.PoolingHttpClientConnectionManager -- ep-0000000013 connection http-outgoing-0 can be kept alive for 3 MINUTES
13:20:41.480 [main] DEBUG org.apache.hc.client5.http.impl.io.PoolingHttpClientConnectionManager -- ep-0000000013 connection released [route: {}->unix://localhost:2375][total available: 1; route allocated: 1 of 2147483647; total allocated: 1 of 2147483647]
]]></system-out>
    <system-err><![CDATA[mar. 13, 2025 1:20:37 DA TARDE org.openqa.selenium.remote.tracing.opentelemetry.OpenTelemetryTracer createTracer
INFO: Using OpenTelemetry for tracing
]]></system-err>
  </testcase>
</testsuite>