<?xml version="1.0" encoding="UTF-8"?>
<testsuite xmlns:xsi="http://www.w3.org/2001/XMLSchema-instance" xsi:noNamespaceSchemaLocation="https://maven.apache.org/surefire/maven-surefire-plugin/xsd/surefire-test-report.xsd" version="3.0.2" name="tqs.LocalWebDriverTest" time="4.142" tests="1" errors="0" skipped="0" failures="0">
  <properties>
[...]
</properties>
  <testcase name="testWithFirefox(FirefoxDriver)" classname="tqs.LocalWebDriverTest" time="4.14">
    <system-out><![CDATA[16:19:34.734 [main] DEBUG io.github.bonigarcia.wdm.WebDriverManager -- Using WebDriverManager 5.9.1
16:19:34.749 [main] DEBUG io.github.bonigarcia.wdm.cache.ResolutionCache -- Resolution firefox=136 in cache (valid until 17:02:36 12/03/2025 WET)
16:19:34.750 [main] DEBUG io.github.bonigarcia.wdm.cache.ResolutionCache -- Resolution firefox136=0.36.0 in cache (valid until 16:02:36 13/03/2025 WET)
16:19:34.750 [main] INFO io.github.bonigarcia.wdm.WebDriverManager -- Using geckodriver 0.36.0 (resolved driver for Firefox 136)
16:19:34.753 [main] DEBUG io.github.bonigarcia.wdm.WebDriverManager -- Driver geckodriver 0.36.0 found in cache
16:19:34.754 [main] INFO io.github.bonigarcia.wdm.WebDriverManager -- Exporting webdriver.gecko.driver as /home/edu/.cache/selenium/geckodriver/linux64/0.36.0/geckodriver
16:19:38.319 [main] DEBUG io.github.bonigarcia.wdm.WebDriverManager -- Quitting FirefoxDriver: firefox on linux (ccc63da5-b6d6-4d32-b1e1-89299481e936)
]]></system-out>
  </testcase>
</testsuite>